<?xml version="1.0" encoding="UTF-8"?>
<coverage generated="1678202455250" clover="3.2.0">
  <project timestamp="1678202455250" name="All files">
    <metrics statements="422" coveredstatements="266" conditionals="211" coveredconditionals="115" methods="90" coveredmethods="41" elements="723" coveredelements="422" complexity="0" loc="422" ncloc="422" packages="1" files="9" classes="9"/>
    <file name="comparator.ts" path="/Users/vedmalex/work/comparator.js/src/comparator.ts">
      <metrics statements="221" coveredstatements="200" conditionals="113" coveredconditionals="85" methods="22" coveredmethods="19"/>
      <line num="16" count="1" type="cond" truecount="2" falsecount="0"/>
      <line num="17" count="1" type="stmt"/>
      <line num="18" count="1" type="stmt"/>
      <line num="19" count="1" type="stmt"/>
      <line num="20" count="1" type="stmt"/>
      <line num="46" count="1" type="stmt"/>
      <line num="47" count="8" type="stmt"/>
      <line num="48" count="14" type="stmt"/>
      <line num="55" count="23" type="cond" truecount="1" falsecount="0"/>
      <line num="56" count="14" type="stmt"/>
      <line num="60" count="9" type="cond" truecount="3" falsecount="1"/>
      <line num="61" count="0" type="stmt"/>
      <line num="66" count="9" type="stmt"/>
      <line num="74" count="0" type="cond" truecount="0" falsecount="1"/>
      <line num="75" count="0" type="stmt"/>
      <line num="79" count="0" type="cond" truecount="0" falsecount="1"/>
      <line num="80" count="0" type="stmt"/>
      <line num="85" count="0" type="stmt"/>
      <line num="95" count="8" type="cond" truecount="1" falsecount="0"/>
      <line num="97" count="2" type="stmt"/>
      <line num="98" count="8" type="cond" truecount="0" falsecount="1"/>
      <line num="99" count="8" type="stmt"/>
      <line num="100" count="8" type="stmt"/>
      <line num="102" count="8" type="stmt"/>
      <line num="103" count="8" type="cond" truecount="2" falsecount="0"/>
      <line num="104" count="5" type="stmt"/>
      <line num="105" count="20" type="stmt"/>
      <line num="106" count="20" type="cond" truecount="0" falsecount="1"/>
      <line num="109" count="3" type="stmt"/>
      <line num="111" count="5" type="stmt"/>
      <line num="115" count="6" type="cond" truecount="1" falsecount="0"/>
      <line num="118" count="2" type="stmt"/>
      <line num="119" count="75" type="cond" truecount="0" falsecount="1"/>
      <line num="120" count="75" type="stmt"/>
      <line num="122" count="75" type="stmt"/>
      <line num="123" count="164" type="stmt"/>
      <line num="124" count="164" type="cond" truecount="1" falsecount="0"/>
      <line num="125" count="3" type="stmt"/>
      <line num="128" count="72" type="stmt"/>
      <line num="132" count="4" type="cond" truecount="1" falsecount="0"/>
      <line num="136" count="2" type="stmt"/>
      <line num="137" count="9" type="cond" truecount="0" falsecount="1"/>
      <line num="138" count="9" type="stmt"/>
      <line num="139" count="9" type="stmt"/>
      <line num="143" count="9" type="cond" truecount="1" falsecount="0"/>
      <line num="144" count="8" type="stmt"/>
      <line num="145" count="8" type="cond" truecount="2" falsecount="0"/>
      <line num="146" count="1" type="stmt"/>
      <line num="147" count="1" type="stmt"/>
      <line num="148" count="1" type="cond" truecount="0" falsecount="1"/>
      <line num="151" count="7" type="stmt"/>
      <line num="152" count="7" type="stmt"/>
      <line num="153" count="7" type="stmt"/>
      <line num="154" count="11" type="stmt"/>
      <line num="155" count="11" type="stmt"/>
      <line num="156" count="11" type="cond" truecount="1" falsecount="0"/>
      <line num="158" count="4" type="cond" truecount="0" falsecount="1"/>
      <line num="159" count="0" type="stmt"/>
      <line num="161" count="5" type="stmt"/>
      <line num="165" count="2" type="cond" truecount="1" falsecount="0"/>
      <line num="172" count="2" type="stmt"/>
      <line num="173" count="8" type="cond" truecount="0" falsecount="1"/>
      <line num="174" count="0" type="stmt"/>
      <line num="178" count="8" type="stmt"/>
      <line num="183" count="8" type="stmt"/>
      <line num="184" count="8" type="stmt"/>
      <line num="185" count="8" type="stmt"/>
      <line num="186" count="8" type="cond" truecount="2" falsecount="0"/>
      <line num="187" count="4" type="stmt"/>
      <line num="188" count="4" type="stmt"/>
      <line num="189" count="4" type="stmt"/>
      <line num="190" count="4" type="stmt"/>
      <line num="191" count="4" type="stmt"/>
      <line num="192" count="4" type="cond" truecount="1" falsecount="0"/>
      <line num="193" count="4" type="cond" truecount="3" falsecount="0"/>
      <line num="194" count="1" type="stmt"/>
      <line num="197" count="4" type="stmt"/>
      <line num="198" count="4" type="stmt"/>
      <line num="199" count="4" type="stmt"/>
      <line num="200" count="4" type="stmt"/>
      <line num="201" count="4" type="stmt"/>
      <line num="204" count="4" type="stmt"/>
      <line num="205" count="8" type="stmt"/>
      <line num="206" count="8" type="stmt"/>
      <line num="207" count="8" type="stmt"/>
      <line num="208" count="8" type="stmt"/>
      <line num="209" count="8" type="cond" truecount="1" falsecount="1"/>
      <line num="210" count="8" type="stmt"/>
      <line num="211" count="8" type="cond" truecount="1" falsecount="0"/>
      <line num="212" count="8" type="stmt"/>
      <line num="216" count="8" type="stmt"/>
      <line num="217" count="8" type="stmt"/>
      <line num="218" count="8" type="cond" truecount="0" falsecount="1"/>
      <line num="220" count="8" type="cond" truecount="3" falsecount="0"/>
      <line num="221" count="1" type="stmt"/>
      <line num="224" count="0" type="stmt"/>
      <line num="225" count="0" type="cond" truecount="0" falsecount="1"/>
      <line num="226" count="0" type="stmt"/>
      <line num="233" count="4" type="stmt"/>
      <line num="234" count="8" type="stmt"/>
      <line num="235" count="8" type="cond" truecount="0" falsecount="1"/>
      <line num="237" count="0" type="stmt"/>
      <line num="238" count="0" type="cond" truecount="0" falsecount="1"/>
      <line num="239" count="0" type="stmt"/>
      <line num="246" count="8" type="stmt"/>
      <line num="263" count="4" type="cond" truecount="3" falsecount="0"/>
      <line num="264" count="2" type="stmt"/>
      <line num="265" count="12" type="cond" truecount="0" falsecount="1"/>
      <line num="266" count="0" type="stmt"/>
      <line num="270" count="12" type="cond" truecount="4" falsecount="0"/>
      <line num="271" count="10" type="stmt"/>
      <line num="272" count="21" type="cond" truecount="1" falsecount="0"/>
      <line num="274" count="7" type="stmt"/>
      <line num="276" count="2" type="stmt"/>
      <line num="279" count="2" type="cond" truecount="1" falsecount="0"/>
      <line num="280" count="1" type="stmt"/>
      <line num="281" count="6" type="cond" truecount="0" falsecount="1"/>
      <line num="282" count="0" type="stmt"/>
      <line num="289" count="6" type="stmt"/>
      <line num="290" count="6" type="stmt"/>
      <line num="292" count="6" type="cond" truecount="4" falsecount="0"/>
      <line num="293" count="6" type="stmt"/>
      <line num="294" count="12" type="stmt"/>
      <line num="298" count="12" type="stmt"/>
      <line num="299" count="20" type="stmt"/>
      <line num="300" count="20" type="stmt"/>
      <line num="301" count="20" type="cond" truecount="2" falsecount="0"/>
      <line num="302" count="11" type="stmt"/>
      <line num="303" count="11" type="cond" truecount="1" falsecount="0"/>
      <line num="305" count="9" type="stmt"/>
      <line num="308" count="12" type="cond" truecount="1" falsecount="0"/>
      <line num="310" count="5" type="stmt"/>
      <line num="312" count="0" type="stmt"/>
      <line num="315" count="1" type="cond" truecount="1" falsecount="0"/>
      <line num="316" count="1" type="stmt"/>
      <line num="317" count="6" type="cond" truecount="0" falsecount="1"/>
      <line num="318" count="0" type="stmt"/>
      <line num="324" count="6" type="cond" truecount="1" falsecount="0"/>
      <line num="325" count="1" type="stmt"/>
      <line num="330" count="5" type="stmt"/>
      <line num="336" count="0" type="cond" truecount="0" falsecount="4"/>
      <line num="342" count="5" type="stmt"/>
      <line num="343" count="5" type="stmt"/>
      <line num="347" count="5" type="stmt"/>
      <line num="348" count="11" type="stmt"/>
      <line num="356" count="11" type="stmt"/>
      <line num="357" count="11" type="stmt"/>
      <line num="358" count="18" type="stmt"/>
      <line num="359" count="18" type="stmt"/>
      <line num="360" count="18" type="cond" truecount="2" falsecount="0"/>
      <line num="364" count="9" type="stmt"/>
      <line num="365" count="9" type="stmt"/>
      <line num="366" count="9" type="cond" truecount="1" falsecount="0"/>
      <line num="367" count="9" type="cond" truecount="2" falsecount="0"/>
      <line num="368" count="1" type="stmt"/>
      <line num="374" count="8" type="stmt"/>
      <line num="375" count="8" type="stmt"/>
      <line num="378" count="11" type="stmt"/>
      <line num="380" count="11" type="cond" truecount="3" falsecount="0"/>
      <line num="382" count="1" type="stmt"/>
      <line num="383" count="1" type="stmt"/>
      <line num="384" count="1" type="stmt"/>
      <line num="385" count="1" type="stmt"/>
      <line num="386" count="1" type="stmt"/>
      <line num="387" count="1" type="stmt"/>
      <line num="390" count="11" type="cond" truecount="2" falsecount="0"/>
      <line num="391" count="10" type="stmt"/>
      <line num="392" count="10" type="cond" truecount="1" falsecount="0"/>
      <line num="393" count="8" type="stmt"/>
      <line num="398" count="10" type="stmt"/>
      <line num="399" count="10" type="stmt"/>
      <line num="400" count="10" type="cond" truecount="7" falsecount="1"/>
      <line num="401" count="1" type="cond" truecount="3" falsecount="1"/>
      <line num="403" count="1" type="stmt"/>
      <line num="404" count="1" type="cond" truecount="1" falsecount="0"/>
      <line num="405" count="1" type="stmt"/>
      <line num="411" count="5" type="stmt"/>
      <line num="412" count="11" type="stmt"/>
      <line num="413" count="11" type="cond" truecount="1" falsecount="0"/>
      <line num="414" count="1" type="cond" truecount="1" falsecount="0"/>
      <line num="416" count="1" type="stmt"/>
      <line num="423" count="5" type="cond" truecount="0" falsecount="1"/>
      <line num="430" count="0" type="stmt"/>
      <line num="432" count="5" type="stmt"/>
      <line num="447" count="1" type="stmt"/>
      <line num="449" count="1" type="stmt"/>
      <line num="452" count="1" type="stmt"/>
      <line num="457" count="329" type="stmt"/>
      <line num="458" count="329" type="cond" truecount="2" falsecount="0"/>
      <line num="459" count="329" type="cond" truecount="1" falsecount="0"/>
      <line num="460" count="33" type="stmt"/>
      <line num="461" count="33" type="cond" truecount="2" falsecount="0"/>
      <line num="463" count="329" type="cond" truecount="2" falsecount="0"/>
      <line num="465" count="31" type="cond" truecount="3" falsecount="1"/>
      <line num="467" count="4" type="stmt"/>
      <line num="469" count="0" type="stmt"/>
      <line num="471" count="4" type="stmt"/>
      <line num="473" count="23" type="stmt"/>
      <line num="475" count="298" type="stmt"/>
      <line num="478" count="1" type="stmt"/>
      <line num="480" count="658" type="stmt"/>
      <line num="483" count="1" type="stmt"/>
      <line num="484" count="46" type="stmt"/>
      <line num="485" count="46" type="stmt"/>
      <line num="486" count="46" type="stmt"/>
      <line num="487" count="46" type="stmt"/>
      <line num="490" count="1" type="stmt"/>
      <line num="491" count="212" type="stmt"/>
      <line num="492" count="212" type="stmt"/>
      <line num="493" count="212" type="stmt"/>
      <line num="494" count="212" type="stmt"/>
      <line num="497" count="1" type="stmt"/>
      <line num="498" count="34" type="stmt"/>
      <line num="499" count="34" type="stmt"/>
      <line num="500" count="34" type="stmt"/>
      <line num="501" count="34" type="stmt"/>
      <line num="504" count="1" type="stmt"/>
      <line num="505" count="37" type="stmt"/>
      <line num="506" count="37" type="stmt"/>
      <line num="507" count="37" type="stmt"/>
      <line num="508" count="37" type="stmt"/>
    </file>
    <file name="fold.ts" path="/Users/vedmalex/work/comparator.js/src/fold.ts">
      <metrics statements="7" coveredstatements="7" conditionals="0" coveredconditionals="0" methods="1" coveredmethods="1"/>
      <line num="1" count="1" type="stmt"/>
      <line num="3" count="1" type="stmt"/>
      <line num="4" count="1" type="stmt"/>
      <line num="5" count="1" type="stmt"/>
      <line num="6" count="1" type="stmt"/>
      <line num="7" count="11" type="stmt"/>
      <line num="9" count="1" type="stmt"/>
    </file>
    <file name="get.ts" path="/Users/vedmalex/work/comparator.js/src/get.ts">
      <metrics statements="16" coveredstatements="1" conditionals="5" coveredconditionals="0" methods="1" coveredmethods="0"/>
      <line num="6" count="1" type="stmt"/>
      <line num="7" count="0" type="cond" truecount="0" falsecount="1"/>
      <line num="8" count="0" type="stmt"/>
      <line num="9" count="0" type="stmt"/>
      <line num="10" count="0" type="stmt"/>
      <line num="12" count="0" type="stmt"/>
      <line num="14" count="0" type="cond" truecount="0" falsecount="1"/>
      <line num="15" count="0" type="cond" truecount="0" falsecount="1"/>
      <line num="16" count="0" type="stmt"/>
      <line num="17" count="0" type="cond" truecount="0" falsecount="1"/>
      <line num="18" count="0" type="stmt"/>
      <line num="19" count="0" type="cond" truecount="0" falsecount="1"/>
      <line num="20" count="0" type="stmt"/>
      <line num="22" count="0" type="stmt"/>
      <line num="25" count="0" type="stmt"/>
      <line num="27" count="0" type="stmt"/>
    </file>
    <file name="has.ts" path="/Users/vedmalex/work/comparator.js/src/has.ts">
      <metrics statements="16" coveredstatements="1" conditionals="8" coveredconditionals="0" methods="1" coveredmethods="0"/>
      <line num="9" count="1" type="stmt"/>
      <line num="13" count="0" type="cond" truecount="0" falsecount="2"/>
      <line num="14" count="0" type="stmt"/>
      <line num="15" count="0" type="stmt"/>
      <line num="16" count="0" type="stmt"/>
      <line num="18" count="0" type="stmt"/>
      <line num="19" count="0" type="cond" truecount="0" falsecount="2"/>
      <line num="20" count="0" type="cond" truecount="0" falsecount="2"/>
      <line num="21" count="0" type="stmt"/>
      <line num="22" count="0" type="cond" truecount="0" falsecount="1"/>
      <line num="23" count="0" type="stmt"/>
      <line num="24" count="0" type="cond" truecount="0" falsecount="1"/>
      <line num="25" count="0" type="stmt"/>
      <line num="27" count="0" type="stmt"/>
      <line num="30" count="0" type="stmt"/>
      <line num="32" count="0" type="stmt"/>
    </file>
    <file name="index.ts" path="/Users/vedmalex/work/comparator.js/src/index.ts">
      <metrics statements="12" coveredstatements="12" conditionals="0" coveredconditionals="0" methods="11" coveredmethods="6"/>
      <line num="1" count="1" type="stmt"/>
      <line num="2" count="1" type="stmt"/>
      <line num="3" count="17" type="stmt"/>
      <line num="4" count="29" type="stmt"/>
      <line num="5" count="12" type="stmt"/>
      <line num="6" count="8" type="stmt"/>
      <line num="9" count="2" type="stmt"/>
      <line num="10" count="2" type="stmt"/>
      <line num="11" count="1" type="stmt"/>
      <line num="12" count="1" type="stmt"/>
      <line num="13" count="1" type="stmt"/>
      <line num="14" count="1" type="stmt"/>
    </file>
    <file name="mapping.ts" path="/Users/vedmalex/work/comparator.js/src/mapping.ts">
      <metrics statements="113" coveredstatements="21" conditionals="55" coveredconditionals="10" methods="51" coveredmethods="13"/>
      <line num="12" count="1" type="stmt"/>
      <line num="15" count="1" type="stmt"/>
      <line num="16" count="1" type="stmt"/>
      <line num="20" count="0" type="stmt"/>
      <line num="23" count="9" type="stmt"/>
      <line num="29" count="0" type="stmt"/>
      <line num="34" count="5" type="cond" truecount="2" falsecount="0"/>
      <line num="35" count="5" type="cond" truecount="2" falsecount="0"/>
      <line num="36" count="5" type="cond" truecount="1" falsecount="0"/>
      <line num="37" count="2" type="stmt"/>
      <line num="41" count="0" type="cond" truecount="0" falsecount="2"/>
      <line num="42" count="0" type="cond" truecount="0" falsecount="2"/>
      <line num="43" count="0" type="cond" truecount="0" falsecount="2"/>
      <line num="44" count="0" type="stmt"/>
      <line num="45" count="0" type="cond" truecount="0" falsecount="1"/>
      <line num="46" count="0" type="stmt"/>
      <line num="51" count="0" type="stmt"/>
      <line num="60" count="0" type="stmt"/>
      <line num="65" count="0" type="stmt"/>
      <line num="72" count="25" type="stmt"/>
      <line num="75" count="106" type="stmt"/>
      <line num="81" count="0" type="stmt"/>
      <line num="86" count="0" type="stmt"/>
      <line num="89" count="0" type="stmt"/>
      <line num="95" count="0" type="stmt"/>
      <line num="100" count="1" type="stmt"/>
      <line num="105" count="2" type="stmt"/>
      <line num="110" count="0" type="stmt"/>
      <line num="117" count="5" type="cond" truecount="2" falsecount="0"/>
      <line num="118" count="5" type="cond" truecount="2" falsecount="0"/>
      <line num="119" count="5" type="cond" truecount="1" falsecount="0"/>
      <line num="120" count="2" type="stmt"/>
      <line num="124" count="0" type="cond" truecount="0" falsecount="2"/>
      <line num="125" count="0" type="cond" truecount="0" falsecount="2"/>
      <line num="126" count="0" type="cond" truecount="0" falsecount="2"/>
      <line num="127" count="0" type="stmt"/>
      <line num="128" count="0" type="cond" truecount="0" falsecount="1"/>
      <line num="129" count="0" type="stmt"/>
      <line num="134" count="0" type="stmt"/>
      <line num="143" count="2" type="stmt"/>
      <line num="146" count="0" type="stmt"/>
      <line num="150" count="0" type="cond" truecount="0" falsecount="1"/>
      <line num="151" count="0" type="stmt"/>
      <line num="156" count="0" type="cond" truecount="0" falsecount="2"/>
      <line num="159" count="0" type="stmt"/>
      <line num="160" count="0" type="stmt"/>
      <line num="161" count="0" type="stmt"/>
      <line num="162" count="0" type="stmt"/>
      <line num="163" count="0" type="stmt"/>
      <line num="164" count="0" type="stmt"/>
      <line num="165" count="0" type="stmt"/>
      <line num="167" count="0" type="stmt"/>
      <line num="168" count="0" type="cond" truecount="0" falsecount="2"/>
      <line num="169" count="0" type="stmt"/>
      <line num="170" count="0" type="stmt"/>
      <line num="171" count="0" type="cond" truecount="0" falsecount="2"/>
      <line num="172" count="0" type="stmt"/>
      <line num="173" count="0" type="stmt"/>
      <line num="175" count="0" type="stmt"/>
      <line num="179" count="0" type="cond" truecount="0" falsecount="4"/>
      <line num="180" count="0" type="stmt"/>
      <line num="186" count="0" type="cond" truecount="0" falsecount="4"/>
      <line num="187" count="0" type="stmt"/>
      <line num="200" count="0" type="stmt"/>
      <line num="210" count="0" type="stmt"/>
      <line num="213" count="0" type="stmt"/>
      <line num="219" count="0" type="cond" truecount="0" falsecount="1"/>
      <line num="221" count="0" type="cond" truecount="0" falsecount="1"/>
      <line num="224" count="0" type="stmt"/>
      <line num="226" count="0" type="cond" truecount="0" falsecount="2"/>
      <line num="227" count="0" type="stmt"/>
      <line num="228" count="0" type="stmt"/>
      <line num="230" count="0" type="stmt"/>
      <line num="233" count="0" type="cond" truecount="0" falsecount="1"/>
      <line num="235" count="0" type="cond" truecount="0" falsecount="1"/>
      <line num="238" count="0" type="stmt"/>
      <line num="239" count="0" type="cond" truecount="0" falsecount="2"/>
      <line num="240" count="0" type="stmt"/>
      <line num="241" count="0" type="stmt"/>
      <line num="243" count="0" type="stmt"/>
      <line num="247" count="0" type="cond" truecount="0" falsecount="1"/>
      <line num="248" count="0" type="stmt"/>
      <line num="253" count="0" type="cond" truecount="0" falsecount="1"/>
      <line num="256" count="0" type="stmt"/>
      <line num="257" count="0" type="cond" truecount="0" falsecount="2"/>
      <line num="258" count="0" type="stmt"/>
      <line num="260" count="0" type="cond" truecount="0" falsecount="1"/>
      <line num="261" count="0" type="stmt"/>
      <line num="268" count="0" type="stmt"/>
      <line num="277" count="0" type="stmt"/>
      <line num="282" count="0" type="stmt"/>
      <line num="287" count="0" type="stmt"/>
      <line num="290" count="0" type="stmt"/>
      <line num="296" count="0" type="stmt"/>
      <line num="299" count="0" type="stmt"/>
      <line num="305" count="0" type="stmt"/>
      <line num="308" count="0" type="stmt"/>
      <line num="317" count="0" type="stmt"/>
      <line num="320" count="0" type="stmt"/>
      <line num="327" count="1" type="stmt"/>
      <line num="332" count="1" type="stmt"/>
      <line num="337" count="0" type="stmt"/>
      <line num="340" count="0" type="stmt"/>
      <line num="347" count="0" type="cond" truecount="0" falsecount="1"/>
      <line num="348" count="0" type="stmt"/>
      <line num="351" count="0" type="stmt"/>
      <line num="357" count="0" type="stmt"/>
      <line num="360" count="0" type="stmt"/>
      <line num="372" count="0" type="stmt"/>
      <line num="382" count="0" type="stmt"/>
      <line num="395" count="0" type="stmt"/>
      <line num="452" count="2" type="stmt"/>
      <line num="455" count="1" type="stmt"/>
    </file>
    <file name="set.ts" path="/Users/vedmalex/work/comparator.js/src/set.ts">
      <metrics statements="12" coveredstatements="11" conditionals="8" coveredconditionals="7" methods="1" coveredmethods="1"/>
      <line num="1" count="1" type="stmt"/>
      <line num="2" count="38" type="cond" truecount="1" falsecount="0"/>
      <line num="3" count="38" type="stmt"/>
      <line num="4" count="38" type="cond" truecount="1" falsecount="1"/>
      <line num="5" count="38" type="stmt"/>
      <line num="6" count="38" type="cond" truecount="2" falsecount="0"/>
      <line num="7" count="27" type="cond" truecount="1" falsecount="0"/>
      <line num="8" count="5" type="cond" truecount="2" falsecount="0"/>
      <line num="9" count="3" type="stmt"/>
      <line num="11" count="27" type="stmt"/>
      <line num="12" count="11" type="stmt"/>
      <line num="14" count="0" type="stmt"/>
    </file>
    <file name="unfold.ts" path="/Users/vedmalex/work/comparator.js/src/unfold.ts">
      <metrics statements="12" coveredstatements="12" conditionals="14" coveredconditionals="13" methods="1" coveredmethods="1"/>
      <line num="1" count="1" type="stmt"/>
      <line num="6" count="17" type="cond" truecount="2" falsecount="0"/>
      <line num="7" count="17" type="cond" truecount="2" falsecount="0"/>
      <line num="11" count="17" type="cond" truecount="2" falsecount="0"/>
      <line num="12" count="3" type="stmt"/>
      <line num="13" count="8" type="cond" truecount="1" falsecount="1"/>
      <line num="15" count="14" type="cond" truecount="4" falsecount="0"/>
      <line num="16" count="3" type="stmt"/>
      <line num="17" count="3" type="stmt"/>
      <line num="18" count="8" type="cond" truecount="2" falsecount="0"/>
      <line num="21" count="11" type="stmt"/>
      <line num="23" count="17" type="stmt"/>
    </file>
    <file name="unset.ts" path="/Users/vedmalex/work/comparator.js/src/unset.ts">
      <metrics statements="13" coveredstatements="1" conditionals="8" coveredconditionals="0" methods="1" coveredmethods="0"/>
      <line num="1" count="1" type="stmt"/>
      <line num="2" count="0" type="cond" truecount="0" falsecount="2"/>
      <line num="3" count="0" type="stmt"/>
      <line num="4" count="0" type="stmt"/>
      <line num="6" count="0" type="cond" truecount="0" falsecount="1"/>
      <line num="7" count="0" type="cond" truecount="0" falsecount="2"/>
      <line num="8" count="0" type="stmt"/>
      <line num="9" count="0" type="cond" truecount="0" falsecount="1"/>
      <line num="10" count="0" type="stmt"/>
      <line num="11" count="0" type="cond" truecount="0" falsecount="2"/>
      <line num="12" count="0" type="stmt"/>
      <line num="14" count="0" type="stmt"/>
      <line num="18" count="0" type="stmt"/>
    </file>
  </project>
</coverage>
