{"/Users/vedmalex/work/comparator.js/src/comparator.ts": {"path":"/Users/vedmalex/work/comparator.js/src/comparator.ts","statementMap":{"0":{"start":{"line":16,"column":0},"end":{"line":16,"column":null}},"1":{"start":{"line":17,"column":2},"end":{"line":17,"column":null}},"2":{"start":{"line":18,"column":2},"end":{"line":18,"column":null}},"3":{"start":{"line":19,"column":2},"end":{"line":19,"column":null}},"4":{"start":{"line":20,"column":2},"end":{"line":20,"column":null}},"5":{"start":{"line":46,"column":13},"end":{"line":436,"column":null}},"6":{"start":{"line":47,"column":15},"end":{"line":47,"column":20}},"7":{"start":{"line":48,"column":14},"end":{"line":48,"column":18}},"8":{"start":{"line":55,"column":4},"end":{"line":59,"column":null}},"9":{"start":{"line":56,"column":6},"end":{"line":59,"column":null}},"10":{"start":{"line":60,"column":4},"end":{"line":65,"column":null}},"11":{"start":{"line":61,"column":6},"end":{"line":65,"column":null}},"12":{"start":{"line":66,"column":4},"end":{"line":70,"column":null}},"13":{"start":{"line":74,"column":4},"end":{"line":78,"column":null}},"14":{"start":{"line":75,"column":6},"end":{"line":78,"column":null}},"15":{"start":{"line":79,"column":4},"end":{"line":84,"column":null}},"16":{"start":{"line":80,"column":6},"end":{"line":84,"column":null}},"17":{"start":{"line":85,"column":4},"end":{"line":89,"column":null}},"18":{"start":{"line":95,"column":4},"end":{"line":113,"column":null}},"19":{"start":{"line":97,"column":6},"end":{"line":112,"column":null}},"20":{"start":{"line":98,"column":8},"end":{"line":98,"column":null}},"21":{"start":{"line":98,"column":28},"end":{"line":98,"column":null}},"22":{"start":{"line":99,"column":19},"end":{"line":99,"column":38}},"23":{"start":{"line":100,"column":19},"end":{"line":100,"column":36}},"24":{"start":{"line":102,"column":19},"end":{"line":102,"column":49}},"25":{"start":{"line":103,"column":8},"end":{"line":110,"column":null}},"26":{"start":{"line":104,"column":10},"end":{"line":107,"column":null}},"27":{"start":{"line":104,"column":23},"end":{"line":104,"column":24}},"28":{"start":{"line":104,"column":32},"end":{"line":104,"column":41}},"29":{"start":{"line":105,"column":12},"end":{"line":105,"column":null}},"30":{"start":{"line":106,"column":12},"end":{"line":106,"column":null}},"31":{"start":{"line":106,"column":50},"end":{"line":106,"column":null}},"32":{"start":{"line":109,"column":10},"end":{"line":109,"column":null}},"33":{"start":{"line":111,"column":8},"end":{"line":111,"column":null}},"34":{"start":{"line":115,"column":4},"end":{"line":130,"column":null}},"35":{"start":{"line":118,"column":6},"end":{"line":129,"column":null}},"36":{"start":{"line":119,"column":8},"end":{"line":119,"column":null}},"37":{"start":{"line":119,"column":28},"end":{"line":119,"column":null}},"38":{"start":{"line":120,"column":19},"end":{"line":120,"column":38}},"39":{"start":{"line":122,"column":8},"end":{"line":127,"column":null}},"40":{"start":{"line":122,"column":21},"end":{"line":122,"column":22}},"41":{"start":{"line":122,"column":30},"end":{"line":122,"column":39}},"42":{"start":{"line":123,"column":10},"end":{"line":123,"column":null}},"43":{"start":{"line":124,"column":10},"end":{"line":126,"column":null}},"44":{"start":{"line":125,"column":12},"end":{"line":125,"column":null}},"45":{"start":{"line":128,"column":8},"end":{"line":128,"column":null}},"46":{"start":{"line":132,"column":4},"end":{"line":163,"column":null}},"47":{"start":{"line":136,"column":6},"end":{"line":162,"column":null}},"48":{"start":{"line":137,"column":8},"end":{"line":137,"column":null}},"49":{"start":{"line":137,"column":28},"end":{"line":137,"column":null}},"50":{"start":{"line":138,"column":19},"end":{"line":138,"column":38}},"51":{"start":{"line":139,"column":19},"end":{"line":139,"column":36}},"52":{"start":{"line":143,"column":8},"end":{"line":143,"column":null}},"53":{"start":{"line":143,"column":35},"end":{"line":143,"column":null}},"54":{"start":{"line":144,"column":19},"end":{"line":144,"column":49}},"55":{"start":{"line":145,"column":8},"end":{"line":160,"column":null}},"56":{"start":{"line":146,"column":10},"end":{"line":149,"column":null}},"57":{"start":{"line":147,"column":12},"end":{"line":147,"column":null}},"58":{"start":{"line":148,"column":12},"end":{"line":148,"column":null}},"59":{"start":{"line":148,"column":50},"end":{"line":148,"column":null}},"60":{"start":{"line":151,"column":22},"end":{"line":151,"column":48}},"61":{"start":{"line":152,"column":46},"end":{"line":152,"column":48}},"62":{"start":{"line":153,"column":10},"end":{"line":157,"column":null}},"63":{"start":{"line":154,"column":12},"end":{"line":154,"column":null}},"64":{"start":{"line":155,"column":12},"end":{"line":155,"column":null}},"65":{"start":{"line":156,"column":12},"end":{"line":156,"column":null}},"66":{"start":{"line":156,"column":50},"end":{"line":156,"column":null}},"67":{"start":{"line":158,"column":10},"end":{"line":159,"column":null}},"68":{"start":{"line":159,"column":12},"end":{"line":159,"column":null}},"69":{"start":{"line":161,"column":8},"end":{"line":161,"column":null}},"70":{"start":{"line":165,"column":4},"end":{"line":248,"column":null}},"71":{"start":{"line":172,"column":6},"end":{"line":247,"column":null}},"72":{"start":{"line":173,"column":8},"end":{"line":177,"column":null}},"73":{"start":{"line":174,"column":10},"end":{"line":177,"column":null}},"74":{"start":{"line":178,"column":36},"end":{"line":178,"column":38}},"75":{"start":{"line":183,"column":19},"end":{"line":183,"column":38}},"76":{"start":{"line":184,"column":19},"end":{"line":184,"column":36}},"77":{"start":{"line":185,"column":19},"end":{"line":185,"column":49}},"78":{"start":{"line":186,"column":8},"end":{"line":245,"column":null}},"79":{"start":{"line":187,"column":10},"end":{"line":187,"column":null}},"80":{"start":{"line":188,"column":10},"end":{"line":195,"column":null}},"81":{"start":{"line":189,"column":12},"end":{"line":189,"column":null}},"82":{"start":{"line":190,"column":12},"end":{"line":190,"column":null}},"83":{"start":{"line":191,"column":12},"end":{"line":191,"column":null}},"84":{"start":{"line":192,"column":12},"end":{"line":192,"column":null}},"85":{"start":{"line":192,"column":34},"end":{"line":192,"column":null}},"86":{"start":{"line":193,"column":12},"end":{"line":194,"column":null}},"87":{"start":{"line":194,"column":14},"end":{"line":194,"column":null}},"88":{"start":{"line":197,"column":10},"end":{"line":197,"column":null}},"89":{"start":{"line":198,"column":22},"end":{"line":198,"column":48}},"90":{"start":{"line":199,"column":22},"end":{"line":199,"column":46}},"91":{"start":{"line":200,"column":10},"end":{"line":200,"column":null}},"92":{"start":{"line":201,"column":46},"end":{"line":201,"column":48}},"93":{"start":{"line":204,"column":10},"end":{"line":231,"column":null}},"94":{"start":{"line":205,"column":12},"end":{"line":205,"column":null}},"95":{"start":{"line":206,"column":12},"end":{"line":206,"column":null}},"96":{"start":{"line":207,"column":12},"end":{"line":207,"column":null}},"97":{"start":{"line":208,"column":12},"end":{"line":208,"column":null}},"98":{"start":{"line":209,"column":12},"end":{"line":230,"column":null}},"99":{"start":{"line":210,"column":14},"end":{"line":210,"column":null}},"100":{"start":{"line":211,"column":14},"end":{"line":215,"column":null}},"101":{"start":{"line":212,"column":16},"end":{"line":215,"column":null}},"102":{"start":{"line":216,"column":14},"end":{"line":216,"column":null}},"103":{"start":{"line":217,"column":14},"end":{"line":217,"column":null}},"104":{"start":{"line":218,"column":14},"end":{"line":218,"column":null}},"105":{"start":{"line":218,"column":36},"end":{"line":218,"column":null}},"106":{"start":{"line":220,"column":14},"end":{"line":221,"column":null}},"107":{"start":{"line":221,"column":16},"end":{"line":221,"column":null}},"108":{"start":{"line":224,"column":14},"end":{"line":224,"column":null}},"109":{"start":{"line":225,"column":14},"end":{"line":225,"column":null}},"110":{"start":{"line":225,"column":35},"end":{"line":225,"column":null}},"111":{"start":{"line":226,"column":14},"end":{"line":229,"column":null}},"112":{"start":{"line":233,"column":10},"end":{"line":244,"column":null}},"113":{"start":{"line":234,"column":12},"end":{"line":234,"column":null}},"114":{"start":{"line":235,"column":12},"end":{"line":243,"column":null}},"115":{"start":{"line":237,"column":14},"end":{"line":237,"column":null}},"116":{"start":{"line":238,"column":14},"end":{"line":238,"column":null}},"117":{"start":{"line":238,"column":36},"end":{"line":238,"column":null}},"118":{"start":{"line":239,"column":14},"end":{"line":242,"column":null}},"119":{"start":{"line":246,"column":8},"end":{"line":246,"column":null}},"120":{"start":{"line":263,"column":4},"end":{"line":278,"column":null}},"121":{"start":{"line":264,"column":6},"end":{"line":277,"column":null}},"122":{"start":{"line":265,"column":8},"end":{"line":269,"column":null}},"123":{"start":{"line":266,"column":10},"end":{"line":269,"column":null}},"124":{"start":{"line":270,"column":8},"end":{"line":275,"column":null}},"125":{"start":{"line":271,"column":10},"end":{"line":273,"column":null}},"126":{"start":{"line":271,"column":23},"end":{"line":271,"column":24}},"127":{"start":{"line":271,"column":32},"end":{"line":271,"column":45}},"128":{"start":{"line":272,"column":12},"end":{"line":272,"column":null}},"129":{"start":{"line":272,"column":46},"end":{"line":272,"column":null}},"130":{"start":{"line":274,"column":10},"end":{"line":274,"column":null}},"131":{"start":{"line":276,"column":8},"end":{"line":276,"column":null}},"132":{"start":{"line":279,"column":4},"end":{"line":314,"column":null}},"133":{"start":{"line":280,"column":6},"end":{"line":313,"column":null}},"134":{"start":{"line":281,"column":8},"end":{"line":285,"column":null}},"135":{"start":{"line":282,"column":10},"end":{"line":285,"column":null}},"136":{"start":{"line":289,"column":39},"end":{"line":289,"column":41}},"137":{"start":{"line":290,"column":8},"end":{"line":291,"column":null}},"138":{"start":{"line":292,"column":8},"end":{"line":311,"column":null}},"139":{"start":{"line":293,"column":10},"end":{"line":309,"column":null}},"140":{"start":{"line":294,"column":12},"end":{"line":294,"column":null}},"141":{"start":{"line":298,"column":12},"end":{"line":307,"column":null}},"142":{"start":{"line":298,"column":25},"end":{"line":298,"column":26}},"143":{"start":{"line":298,"column":37},"end":{"line":298,"column":48}},"144":{"start":{"line":299,"column":14},"end":{"line":299,"column":null}},"145":{"start":{"line":300,"column":14},"end":{"line":300,"column":null}},"146":{"start":{"line":301,"column":14},"end":{"line":306,"column":null}},"147":{"start":{"line":302,"column":16},"end":{"line":302,"column":null}},"148":{"start":{"line":303,"column":16},"end":{"line":303,"column":41}},"149":{"start":{"line":303,"column":36},"end":{"line":303,"column":41}},"150":{"start":{"line":305,"column":16},"end":{"line":305,"column":null}},"151":{"start":{"line":308,"column":12},"end":{"line":308,"column":null}},"152":{"start":{"line":308,"column":24},"end":{"line":308,"column":null}},"153":{"start":{"line":310,"column":10},"end":{"line":310,"column":null}},"154":{"start":{"line":312,"column":8},"end":{"line":312,"column":null}},"155":{"start":{"line":315,"column":4},"end":{"line":434,"column":null}},"156":{"start":{"line":316,"column":6},"end":{"line":433,"column":null}},"157":{"start":{"line":317,"column":8},"end":{"line":322,"column":null}},"158":{"start":{"line":318,"column":10},"end":{"line":321,"column":null}},"159":{"start":{"line":324,"column":8},"end":{"line":329,"column":null}},"160":{"start":{"line":325,"column":10},"end":{"line":328,"column":null}},"161":{"start":{"line":330,"column":35},"end":{"line":333,"column":null}},"162":{"start":{"line":336,"column":10},"end":{"line":336,"column":null}},"163":{"start":{"line":342,"column":27},"end":{"line":342,"column":29}},"164":{"start":{"line":343,"column":8},"end":{"line":344,"column":null}},"165":{"start":{"line":347,"column":8},"end":{"line":410,"column":null}},"166":{"start":{"line":348,"column":10},"end":{"line":348,"column":null}},"167":{"start":{"line":356,"column":15},"end":{"line":356,"column":17}},"168":{"start":{"line":357,"column":10},"end":{"line":377,"column":null}},"169":{"start":{"line":357,"column":23},"end":{"line":357,"column":24}},"170":{"start":{"line":357,"column":35},"end":{"line":357,"column":46}},"171":{"start":{"line":358,"column":12},"end":{"line":358,"column":null}},"172":{"start":{"line":359,"column":12},"end":{"line":359,"column":null}},"173":{"start":{"line":360,"column":12},"end":{"line":376,"column":null}},"174":{"start":{"line":364,"column":14},"end":{"line":364,"column":null}},"175":{"start":{"line":365,"column":14},"end":{"line":365,"column":null}},"176":{"start":{"line":366,"column":14},"end":{"line":366,"column":39}},"177":{"start":{"line":366,"column":34},"end":{"line":366,"column":39}},"178":{"start":{"line":367,"column":19},"end":{"line":376,"column":null}},"179":{"start":{"line":368,"column":14},"end":{"line":372,"column":null}},"180":{"start":{"line":374,"column":14},"end":{"line":374,"column":null}},"181":{"start":{"line":375,"column":14},"end":{"line":375,"column":null}},"182":{"start":{"line":378,"column":10},"end":{"line":378,"column":null}},"183":{"start":{"line":380,"column":10},"end":{"line":388,"column":null}},"184":{"start":{"line":382,"column":12},"end":{"line":382,"column":null}},"185":{"start":{"line":383,"column":27},"end":{"line":383,"column":41}},"186":{"start":{"line":384,"column":12},"end":{"line":384,"column":null}},"187":{"start":{"line":385,"column":12},"end":{"line":385,"column":null}},"188":{"start":{"line":386,"column":12},"end":{"line":386,"column":null}},"189":{"start":{"line":387,"column":12},"end":{"line":387,"column":null}},"190":{"start":{"line":390,"column":10},"end":{"line":409,"column":null}},"191":{"start":{"line":391,"column":12},"end":{"line":391,"column":null}},"192":{"start":{"line":392,"column":12},"end":{"line":397,"column":null}},"193":{"start":{"line":393,"column":14},"end":{"line":396,"column":null}},"194":{"start":{"line":398,"column":12},"end":{"line":398,"column":null}},"195":{"start":{"line":399,"column":12},"end":{"line":399,"column":null}},"196":{"start":{"line":400,"column":12},"end":{"line":401,"column":null}},"197":{"start":{"line":401,"column":14},"end":{"line":401,"column":null}},"198":{"start":{"line":403,"column":12},"end":{"line":403,"column":null}},"199":{"start":{"line":404,"column":12},"end":{"line":404,"column":null}},"200":{"start":{"line":404,"column":33},"end":{"line":404,"column":null}},"201":{"start":{"line":405,"column":12},"end":{"line":408,"column":null}},"202":{"start":{"line":411,"column":8},"end":{"line":421,"column":null}},"203":{"start":{"line":412,"column":10},"end":{"line":412,"column":null}},"204":{"start":{"line":413,"column":10},"end":{"line":420,"column":null}},"205":{"start":{"line":414,"column":12},"end":{"line":414,"column":null}},"206":{"start":{"line":414,"column":34},"end":{"line":414,"column":null}},"207":{"start":{"line":416,"column":12},"end":{"line":419,"column":null}},"208":{"start":{"line":423,"column":8},"end":{"line":431,"column":null}},"209":{"start":{"line":430,"column":10},"end":{"line":430,"column":null}},"210":{"start":{"line":430,"column":48},"end":{"line":430,"column":57}},"211":{"start":{"line":432,"column":8},"end":{"line":432,"column":null}},"212":{"start":{"line":447,"column":0},"end":{"line":447,"column":31}},"213":{"start":{"line":449,"column":20},"end":{"line":449,"column":33}},"214":{"start":{"line":457,"column":13},"end":{"line":457,"column":30}},"215":{"start":{"line":458,"column":12},"end":{"line":458,"column":36}},"216":{"start":{"line":459,"column":2},"end":{"line":462,"column":null}},"217":{"start":{"line":460,"column":4},"end":{"line":460,"column":null}},"218":{"start":{"line":461,"column":4},"end":{"line":461,"column":null}},"219":{"start":{"line":463,"column":2},"end":{"line":475,"column":null}},"220":{"start":{"line":465,"column":4},"end":{"line":474,"column":null}},"221":{"start":{"line":467,"column":8},"end":{"line":467,"column":null}},"222":{"start":{"line":469,"column":8},"end":{"line":469,"column":null}},"223":{"start":{"line":471,"column":8},"end":{"line":471,"column":null}},"224":{"start":{"line":473,"column":8},"end":{"line":473,"column":null}},"225":{"start":{"line":475,"column":9},"end":{"line":475,"column":null}},"226":{"start":{"line":452,"column":0},"end":{"line":452,"column":16}},"227":{"start":{"line":480,"column":2},"end":{"line":480,"column":null}},"228":{"start":{"line":478,"column":0},"end":{"line":478,"column":16}},"229":{"start":{"line":484,"column":13},"end":{"line":484,"column":23}},"230":{"start":{"line":485,"column":13},"end":{"line":485,"column":23}},"231":{"start":{"line":486,"column":14},"end":{"line":486,"column":45}},"232":{"start":{"line":487,"column":2},"end":{"line":487,"column":null}},"233":{"start":{"line":483,"column":0},"end":{"line":483,"column":16}},"234":{"start":{"line":491,"column":13},"end":{"line":491,"column":23}},"235":{"start":{"line":492,"column":13},"end":{"line":492,"column":23}},"236":{"start":{"line":493,"column":14},"end":{"line":493,"column":44}},"237":{"start":{"line":494,"column":2},"end":{"line":494,"column":null}},"238":{"start":{"line":490,"column":0},"end":{"line":490,"column":16}},"239":{"start":{"line":498,"column":13},"end":{"line":498,"column":23}},"240":{"start":{"line":499,"column":13},"end":{"line":499,"column":23}},"241":{"start":{"line":500,"column":14},"end":{"line":500,"column":48}},"242":{"start":{"line":501,"column":2},"end":{"line":501,"column":null}},"243":{"start":{"line":497,"column":0},"end":{"line":497,"column":16}},"244":{"start":{"line":505,"column":13},"end":{"line":505,"column":23}},"245":{"start":{"line":506,"column":13},"end":{"line":506,"column":23}},"246":{"start":{"line":507,"column":14},"end":{"line":507,"column":43}},"247":{"start":{"line":508,"column":2},"end":{"line":508,"column":null}},"248":{"start":{"line":504,"column":0},"end":{"line":504,"column":16}}},"fnMap":{"0":{"name":"(anonymous_0)","decl":{"start":{"line":16,"column":0},"end":{"line":16,"column":12}},"loc":{"start":{"line":16,"column":20},"end":{"line":21,"column":1}}},"1":{"name":"(anonymous_1)","decl":{"start":{"line":47,"column":9},"end":{"line":47,"column":12}},"loc":{"start":{"line":47,"column":15},"end":{"line":47,"column":20}}},"2":{"name":"(anonymous_2)","decl":{"start":{"line":48,"column":8},"end":{"line":48,"column":11}},"loc":{"start":{"line":48,"column":14},"end":{"line":48,"column":18}}},"3":{"name":"(anonymous_3)","decl":{"start":{"line":54,"column":13},"end":{"line":54,"column":14}},"loc":{"start":{"line":54,"column":44},"end":{"line":71,"column":3}}},"4":{"name":"(anonymous_4)","decl":{"start":{"line":73,"column":14},"end":{"line":73,"column":15}},"loc":{"start":{"line":73,"column":39},"end":{"line":90,"column":3}}},"5":{"name":"(anonymous_5)","decl":{"start":{"line":94,"column":12},"end":{"line":94,"column":13}},"loc":{"start":{"line":94,"column":33},"end":{"line":249,"column":3}}},"6":{"name":"(anonymous_6)","decl":{"start":{"line":97,"column":13},"end":{"line":97,"column":14}},"loc":{"start":{"line":97,"column":69},"end":{"line":112,"column":7}}},"7":{"name":"(anonymous_7)","decl":{"start":{"line":118,"column":13},"end":{"line":118,"column":14}},"loc":{"start":{"line":118,"column":69},"end":{"line":129,"column":7}}},"8":{"name":"(anonymous_8)","decl":{"start":{"line":136,"column":13},"end":{"line":136,"column":14}},"loc":{"start":{"line":136,"column":69},"end":{"line":162,"column":7}}},"9":{"name":"(anonymous_9)","decl":{"start":{"line":172,"column":13},"end":{"line":172,"column":14}},"loc":{"start":{"line":172,"column":69},"end":{"line":247,"column":7}}},"10":{"name":"(anonymous_10)","decl":{"start":{"line":251,"column":11},"end":{"line":251,"column":12}},"loc":{"start":{"line":251,"column":32},"end":{"line":435,"column":3}}},"11":{"name":"(anonymous_11)","decl":{"start":{"line":264,"column":13},"end":{"line":264,"column":14}},"loc":{"start":{"line":264,"column":69},"end":{"line":277,"column":7}}},"12":{"name":"(anonymous_12)","decl":{"start":{"line":280,"column":13},"end":{"line":280,"column":14}},"loc":{"start":{"line":280,"column":69},"end":{"line":313,"column":7}}},"13":{"name":"(anonymous_13)","decl":{"start":{"line":316,"column":13},"end":{"line":316,"column":14}},"loc":{"start":{"line":316,"column":69},"end":{"line":433,"column":7}}},"14":{"name":"compareRatings","decl":{"start":{"line":335,"column":17},"end":{"line":335,"column":31}},"loc":{"start":{"line":335,"column":60},"end":{"line":337,"column":9}}},"15":{"name":"(anonymous_15)","decl":{"start":{"line":430,"column":43},"end":{"line":430,"column":44}},"loc":{"start":{"line":430,"column":48},"end":{"line":430,"column":57}}},"16":{"name":"getComparator","decl":{"start":{"line":452,"column":16},"end":{"line":452,"column":29}},"loc":{"start":{"line":455,"column":49},"end":{"line":476,"column":1}}},"17":{"name":"getType","decl":{"start":{"line":478,"column":16},"end":{"line":478,"column":23}},"loc":{"start":{"line":478,"column":30},"end":{"line":481,"column":1}}},"18":{"name":"strictEq","decl":{"start":{"line":483,"column":16},"end":{"line":483,"column":24}},"loc":{"start":{"line":483,"column":39},"end":{"line":488,"column":1}}},"19":{"name":"looseEq","decl":{"start":{"line":490,"column":16},"end":{"line":490,"column":23}},"loc":{"start":{"line":490,"column":38},"end":{"line":495,"column":1}}},"20":{"name":"structureEq","decl":{"start":{"line":497,"column":16},"end":{"line":497,"column":27}},"loc":{"start":{"line":497,"column":42},"end":{"line":502,"column":1}}},"21":{"name":"diff","decl":{"start":{"line":504,"column":16},"end":{"line":504,"column":20}},"loc":{"start":{"line":504,"column":35},"end":{"line":509,"column":1}}}},"branchMap":{"0":{"loc":{"start":{"line":16,"column":12},"end":{"line":16,"column":null}},"type":"binary-expr","locations":[{"start":{"line":16,"column":12},"end":{"line":16,"column":20}},{"start":{"line":16,"column":12},"end":{"line":16,"column":null}}]},"1":{"loc":{"start":{"line":55,"column":4},"end":{"line":59,"column":null}},"type":"if","locations":[{"start":{"line":55,"column":4},"end":{"line":59,"column":null}}]},"2":{"loc":{"start":{"line":60,"column":4},"end":{"line":65,"column":null}},"type":"if","locations":[{"start":{"line":60,"column":4},"end":{"line":65,"column":null}}]},"3":{"loc":{"start":{"line":60,"column":8},"end":{"line":60,"column":61}},"type":"binary-expr","locations":[{"start":{"line":60,"column":8},"end":{"line":60,"column":17}},{"start":{"line":60,"column":21},"end":{"line":60,"column":30}},{"start":{"line":60,"column":34},"end":{"line":60,"column":61}}]},"4":{"loc":{"start":{"line":74,"column":4},"end":{"line":78,"column":null}},"type":"if","locations":[{"start":{"line":74,"column":4},"end":{"line":78,"column":null}}]},"5":{"loc":{"start":{"line":79,"column":4},"end":{"line":84,"column":null}},"type":"if","locations":[{"start":{"line":79,"column":4},"end":{"line":84,"column":null}}]},"6":{"loc":{"start":{"line":95,"column":4},"end":{"line":113,"column":null}},"type":"if","locations":[{"start":{"line":95,"column":4},"end":{"line":113,"column":null}}]},"7":{"loc":{"start":{"line":98,"column":8},"end":{"line":98,"column":null}},"type":"if","locations":[{"start":{"line":98,"column":8},"end":{"line":98,"column":null}}]},"8":{"loc":{"start":{"line":103,"column":8},"end":{"line":110,"column":null}},"type":"if","locations":[{"start":{"line":103,"column":8},"end":{"line":110,"column":null}},{"start":{"line":108,"column":15},"end":{"line":110,"column":null}}]},"9":{"loc":{"start":{"line":106,"column":12},"end":{"line":106,"column":null}},"type":"if","locations":[{"start":{"line":106,"column":12},"end":{"line":106,"column":null}}]},"10":{"loc":{"start":{"line":115,"column":4},"end":{"line":130,"column":null}},"type":"if","locations":[{"start":{"line":115,"column":4},"end":{"line":130,"column":null}}]},"11":{"loc":{"start":{"line":119,"column":8},"end":{"line":119,"column":null}},"type":"if","locations":[{"start":{"line":119,"column":8},"end":{"line":119,"column":null}}]},"12":{"loc":{"start":{"line":124,"column":10},"end":{"line":126,"column":null}},"type":"if","locations":[{"start":{"line":124,"column":10},"end":{"line":126,"column":null}}]},"13":{"loc":{"start":{"line":132,"column":4},"end":{"line":163,"column":null}},"type":"if","locations":[{"start":{"line":132,"column":4},"end":{"line":163,"column":null}}]},"14":{"loc":{"start":{"line":137,"column":8},"end":{"line":137,"column":null}},"type":"if","locations":[{"start":{"line":137,"column":8},"end":{"line":137,"column":null}}]},"15":{"loc":{"start":{"line":143,"column":8},"end":{"line":143,"column":null}},"type":"if","locations":[{"start":{"line":143,"column":8},"end":{"line":143,"column":null}}]},"16":{"loc":{"start":{"line":145,"column":8},"end":{"line":160,"column":null}},"type":"if","locations":[{"start":{"line":145,"column":8},"end":{"line":160,"column":null}},{"start":{"line":150,"column":15},"end":{"line":160,"column":null}}]},"17":{"loc":{"start":{"line":148,"column":12},"end":{"line":148,"column":null}},"type":"if","locations":[{"start":{"line":148,"column":12},"end":{"line":148,"column":null}}]},"18":{"loc":{"start":{"line":156,"column":12},"end":{"line":156,"column":null}},"type":"if","locations":[{"start":{"line":156,"column":12},"end":{"line":156,"column":null}}]},"19":{"loc":{"start":{"line":158,"column":10},"end":{"line":159,"column":null}},"type":"if","locations":[{"start":{"line":158,"column":10},"end":{"line":159,"column":null}}]},"20":{"loc":{"start":{"line":165,"column":4},"end":{"line":248,"column":null}},"type":"if","locations":[{"start":{"line":165,"column":4},"end":{"line":248,"column":null}}]},"21":{"loc":{"start":{"line":173,"column":8},"end":{"line":177,"column":null}},"type":"if","locations":[{"start":{"line":173,"column":8},"end":{"line":177,"column":null}}]},"22":{"loc":{"start":{"line":186,"column":8},"end":{"line":245,"column":null}},"type":"if","locations":[{"start":{"line":186,"column":8},"end":{"line":245,"column":null}},{"start":{"line":196,"column":15},"end":{"line":245,"column":null}}]},"23":{"loc":{"start":{"line":192,"column":12},"end":{"line":192,"column":null}},"type":"if","locations":[{"start":{"line":192,"column":12},"end":{"line":192,"column":null}}]},"24":{"loc":{"start":{"line":193,"column":12},"end":{"line":194,"column":null}},"type":"if","locations":[{"start":{"line":193,"column":12},"end":{"line":194,"column":null}}]},"25":{"loc":{"start":{"line":193,"column":16},"end":{"line":193,"column":60}},"type":"binary-expr","locations":[{"start":{"line":193,"column":16},"end":{"line":193,"column":30}},{"start":{"line":193,"column":34},"end":{"line":193,"column":60}}]},"26":{"loc":{"start":{"line":209,"column":12},"end":{"line":230,"column":null}},"type":"if","locations":[{"start":{"line":209,"column":12},"end":{"line":230,"column":null}},{"start":{"line":222,"column":19},"end":{"line":230,"column":null}}]},"27":{"loc":{"start":{"line":211,"column":14},"end":{"line":215,"column":null}},"type":"if","locations":[{"start":{"line":211,"column":14},"end":{"line":215,"column":null}}]},"28":{"loc":{"start":{"line":218,"column":14},"end":{"line":218,"column":null}},"type":"if","locations":[{"start":{"line":218,"column":14},"end":{"line":218,"column":null}}]},"29":{"loc":{"start":{"line":220,"column":14},"end":{"line":221,"column":null}},"type":"if","locations":[{"start":{"line":220,"column":14},"end":{"line":221,"column":null}}]},"30":{"loc":{"start":{"line":220,"column":18},"end":{"line":220,"column":62}},"type":"binary-expr","locations":[{"start":{"line":220,"column":18},"end":{"line":220,"column":32}},{"start":{"line":220,"column":36},"end":{"line":220,"column":62}}]},"31":{"loc":{"start":{"line":225,"column":14},"end":{"line":225,"column":null}},"type":"if","locations":[{"start":{"line":225,"column":14},"end":{"line":225,"column":null}}]},"32":{"loc":{"start":{"line":235,"column":12},"end":{"line":243,"column":null}},"type":"if","locations":[{"start":{"line":235,"column":12},"end":{"line":243,"column":null}}]},"33":{"loc":{"start":{"line":238,"column":14},"end":{"line":238,"column":null}},"type":"if","locations":[{"start":{"line":238,"column":14},"end":{"line":238,"column":null}}]},"34":{"loc":{"start":{"line":263,"column":4},"end":{"line":278,"column":null}},"type":"if","locations":[{"start":{"line":263,"column":4},"end":{"line":278,"column":null}}]},"35":{"loc":{"start":{"line":263,"column":8},"end":{"line":263,"column":41}},"type":"binary-expr","locations":[{"start":{"line":263,"column":8},"end":{"line":263,"column":21}},{"start":{"line":263,"column":25},"end":{"line":263,"column":41}}]},"36":{"loc":{"start":{"line":265,"column":8},"end":{"line":269,"column":null}},"type":"if","locations":[{"start":{"line":265,"column":8},"end":{"line":269,"column":null}}]},"37":{"loc":{"start":{"line":270,"column":8},"end":{"line":275,"column":null}},"type":"if","locations":[{"start":{"line":270,"column":8},"end":{"line":275,"column":null}}]},"38":{"loc":{"start":{"line":270,"column":12},"end":{"line":270,"column":58}},"type":"binary-expr","locations":[{"start":{"line":270,"column":12},"end":{"line":270,"column":18}},{"start":{"line":270,"column":22},"end":{"line":270,"column":26}},{"start":{"line":270,"column":30},"end":{"line":270,"column":58}}]},"39":{"loc":{"start":{"line":272,"column":12},"end":{"line":272,"column":null}},"type":"if","locations":[{"start":{"line":272,"column":12},"end":{"line":272,"column":null}}]},"40":{"loc":{"start":{"line":279,"column":4},"end":{"line":314,"column":null}},"type":"if","locations":[{"start":{"line":279,"column":4},"end":{"line":314,"column":null}}]},"41":{"loc":{"start":{"line":281,"column":8},"end":{"line":285,"column":null}},"type":"if","locations":[{"start":{"line":281,"column":8},"end":{"line":285,"column":null}}]},"42":{"loc":{"start":{"line":291,"column":10},"end":{"line":291,"column":67}},"type":"cond-expr","locations":[{"start":{"line":291,"column":40},"end":{"line":291,"column":53}},{"start":{"line":291,"column":56},"end":{"line":291,"column":67}}]},"43":{"loc":{"start":{"line":292,"column":8},"end":{"line":311,"column":null}},"type":"if","locations":[{"start":{"line":292,"column":8},"end":{"line":311,"column":null}}]},"44":{"loc":{"start":{"line":292,"column":12},"end":{"line":292,"column":58}},"type":"binary-expr","locations":[{"start":{"line":292,"column":12},"end":{"line":292,"column":18}},{"start":{"line":292,"column":22},"end":{"line":292,"column":26}},{"start":{"line":292,"column":30},"end":{"line":292,"column":58}}]},"45":{"loc":{"start":{"line":301,"column":14},"end":{"line":306,"column":null}},"type":"if","locations":[{"start":{"line":301,"column":14},"end":{"line":306,"column":null}},{"start":{"line":304,"column":21},"end":{"line":306,"column":null}}]},"46":{"loc":{"start":{"line":303,"column":16},"end":{"line":303,"column":41}},"type":"if","locations":[{"start":{"line":303,"column":16},"end":{"line":303,"column":41}}]},"47":{"loc":{"start":{"line":308,"column":12},"end":{"line":308,"column":null}},"type":"if","locations":[{"start":{"line":308,"column":12},"end":{"line":308,"column":null}}]},"48":{"loc":{"start":{"line":315,"column":4},"end":{"line":434,"column":null}},"type":"if","locations":[{"start":{"line":315,"column":4},"end":{"line":434,"column":null}}]},"49":{"loc":{"start":{"line":317,"column":8},"end":{"line":322,"column":null}},"type":"if","locations":[{"start":{"line":317,"column":8},"end":{"line":322,"column":null}}]},"50":{"loc":{"start":{"line":324,"column":8},"end":{"line":329,"column":null}},"type":"if","locations":[{"start":{"line":324,"column":8},"end":{"line":329,"column":null}}]},"51":{"loc":{"start":{"line":336,"column":17},"end":{"line":336,"column":39}},"type":"cond-expr","locations":[{"start":{"line":336,"column":18},"end":{"line":336,"column":20}},{"start":{"line":336,"column":17},"end":{"line":336,"column":39}}]},"52":{"loc":{"start":{"line":336,"column":17},"end":{"line":336,"column":20}},"type":"binary-expr","locations":[{"start":{"line":336,"column":17},"end":{"line":336,"column":20}},{"start":{"line":336,"column":17},"end":{"line":336,"column":20}}]},"53":{"loc":{"start":{"line":344,"column":10},"end":{"line":344,"column":67}},"type":"cond-expr","locations":[{"start":{"line":344,"column":40},"end":{"line":344,"column":53}},{"start":{"line":344,"column":56},"end":{"line":344,"column":67}}]},"54":{"loc":{"start":{"line":360,"column":12},"end":{"line":376,"column":null}},"type":"if","locations":[{"start":{"line":360,"column":12},"end":{"line":376,"column":null}},{"start":{"line":367,"column":19},"end":{"line":376,"column":null}}]},"55":{"loc":{"start":{"line":361,"column":14},"end":{"line":362,"column":45}},"type":"binary-expr","locations":[{"start":{"line":361,"column":14},"end":{"line":361,"column":46}},{"start":{"line":362,"column":14},"end":{"line":362,"column":45}}]},"56":{"loc":{"start":{"line":366,"column":14},"end":{"line":366,"column":39}},"type":"if","locations":[{"start":{"line":366,"column":14},"end":{"line":366,"column":39}}]},"57":{"loc":{"start":{"line":367,"column":19},"end":{"line":376,"column":null}},"type":"if","locations":[{"start":{"line":367,"column":19},"end":{"line":376,"column":null}},{"start":{"line":373,"column":19},"end":{"line":376,"column":null}}]},"58":{"loc":{"start":{"line":380,"column":10},"end":{"line":388,"column":null}},"type":"if","locations":[{"start":{"line":380,"column":10},"end":{"line":388,"column":null}}]},"59":{"loc":{"start":{"line":380,"column":14},"end":{"line":380,"column":41}},"type":"binary-expr","locations":[{"start":{"line":380,"column":14},"end":{"line":380,"column":20}},{"start":{"line":380,"column":24},"end":{"line":380,"column":41}}]},"60":{"loc":{"start":{"line":390,"column":10},"end":{"line":409,"column":null}},"type":"if","locations":[{"start":{"line":390,"column":10},"end":{"line":409,"column":null}},{"start":{"line":402,"column":17},"end":{"line":409,"column":null}}]},"61":{"loc":{"start":{"line":392,"column":12},"end":{"line":397,"column":null}},"type":"if","locations":[{"start":{"line":392,"column":12},"end":{"line":397,"column":null}}]},"62":{"loc":{"start":{"line":400,"column":12},"end":{"line":401,"column":null}},"type":"if","locations":[{"start":{"line":400,"column":12},"end":{"line":401,"column":null}}]},"63":{"loc":{"start":{"line":400,"column":16},"end":{"line":400,"column":74}},"type":"binary-expr","locations":[{"start":{"line":400,"column":16},"end":{"line":400,"column":30}},{"start":{"line":400,"column":34},"end":{"line":400,"column":51}},{"start":{"line":400,"column":55},"end":{"line":400,"column":74}}]},"64":{"loc":{"start":{"line":400,"column":16},"end":{"line":400,"column":30}},"type":"cond-expr","locations":[{"start":{"line":400,"column":22},"end":{"line":400,"column":24}},{"start":{"line":400,"column":16},"end":{"line":400,"column":30}}]},"65":{"loc":{"start":{"line":400,"column":16},"end":{"line":400,"column":24}},"type":"binary-expr","locations":[{"start":{"line":400,"column":16},"end":{"line":400,"column":24}},{"start":{"line":400,"column":16},"end":{"line":400,"column":24}}]},"66":{"loc":{"start":{"line":401,"column":30},"end":{"line":401,"column":44}},"type":"cond-expr","locations":[{"start":{"line":401,"column":36},"end":{"line":401,"column":38}},{"start":{"line":401,"column":30},"end":{"line":401,"column":44}}]},"67":{"loc":{"start":{"line":401,"column":30},"end":{"line":401,"column":38}},"type":"binary-expr","locations":[{"start":{"line":401,"column":30},"end":{"line":401,"column":38}},{"start":{"line":401,"column":30},"end":{"line":401,"column":38}}]},"68":{"loc":{"start":{"line":404,"column":12},"end":{"line":404,"column":null}},"type":"if","locations":[{"start":{"line":404,"column":12},"end":{"line":404,"column":null}}]},"69":{"loc":{"start":{"line":413,"column":10},"end":{"line":420,"column":null}},"type":"if","locations":[{"start":{"line":413,"column":10},"end":{"line":420,"column":null}}]},"70":{"loc":{"start":{"line":414,"column":12},"end":{"line":414,"column":null}},"type":"if","locations":[{"start":{"line":414,"column":12},"end":{"line":414,"column":null}}]},"71":{"loc":{"start":{"line":423,"column":8},"end":{"line":431,"column":null}},"type":"if","locations":[{"start":{"line":423,"column":8},"end":{"line":431,"column":null}}]},"72":{"loc":{"start":{"line":458,"column":12},"end":{"line":458,"column":36}},"type":"cond-expr","locations":[{"start":{"line":458,"column":19},"end":{"line":458,"column":29}},{"start":{"line":458,"column":32},"end":{"line":458,"column":36}}]},"73":{"loc":{"start":{"line":459,"column":2},"end":{"line":462,"column":null}},"type":"if","locations":[{"start":{"line":459,"column":2},"end":{"line":462,"column":null}}]},"74":{"loc":{"start":{"line":461,"column":10},"end":{"line":461,"column":34}},"type":"cond-expr","locations":[{"start":{"line":461,"column":17},"end":{"line":461,"column":27}},{"start":{"line":461,"column":30},"end":{"line":461,"column":34}}]},"75":{"loc":{"start":{"line":463,"column":2},"end":{"line":475,"column":null}},"type":"if","locations":[{"start":{"line":463,"column":2},"end":{"line":475,"column":null}},{"start":{"line":475,"column":9},"end":{"line":475,"column":null}}]},"76":{"loc":{"start":{"line":465,"column":4},"end":{"line":474,"column":null}},"type":"switch","locations":[{"start":{"line":466,"column":6},"end":{"line":467,"column":null}},{"start":{"line":468,"column":6},"end":{"line":469,"column":null}},{"start":{"line":470,"column":6},"end":{"line":471,"column":null}},{"start":{"line":472,"column":6},"end":{"line":473,"column":null}}]}},"s":{"0":1,"1":1,"2":1,"3":1,"4":1,"5":1,"6":8,"7":14,"8":23,"9":14,"10":9,"11":0,"12":9,"13":0,"14":0,"15":0,"16":0,"17":0,"18":8,"19":2,"20":8,"21":0,"22":8,"23":8,"24":8,"25":8,"26":5,"27":5,"28":5,"29":20,"30":20,"31":0,"32":3,"33":5,"34":6,"35":2,"36":75,"37":0,"38":75,"39":75,"40":75,"41":75,"42":164,"43":164,"44":3,"45":72,"46":4,"47":2,"48":9,"49":0,"50":9,"51":9,"52":9,"53":1,"54":8,"55":8,"56":1,"57":1,"58":1,"59":0,"60":7,"61":7,"62":7,"63":11,"64":11,"65":11,"66":3,"67":4,"68":0,"69":5,"70":2,"71":2,"72":8,"73":0,"74":8,"75":8,"76":8,"77":8,"78":8,"79":4,"80":4,"81":4,"82":4,"83":4,"84":4,"85":1,"86":4,"87":1,"88":4,"89":4,"90":4,"91":4,"92":4,"93":4,"94":8,"95":8,"96":8,"97":8,"98":8,"99":8,"100":8,"101":8,"102":8,"103":8,"104":8,"105":0,"106":8,"107":1,"108":0,"109":0,"110":0,"111":0,"112":4,"113":8,"114":8,"115":0,"116":0,"117":0,"118":0,"119":8,"120":4,"121":2,"122":12,"123":0,"124":12,"125":10,"126":10,"127":10,"128":21,"129":3,"130":7,"131":2,"132":2,"133":1,"134":6,"135":0,"136":6,"137":6,"138":6,"139":6,"140":12,"141":12,"142":12,"143":12,"144":20,"145":20,"146":20,"147":11,"148":11,"149":11,"150":9,"151":12,"152":1,"153":5,"154":0,"155":1,"156":1,"157":6,"158":0,"159":6,"160":1,"161":5,"162":0,"163":5,"164":5,"165":5,"166":11,"167":11,"168":11,"169":11,"170":11,"171":18,"172":18,"173":18,"174":9,"175":9,"176":9,"177":9,"178":9,"179":1,"180":8,"181":8,"182":11,"183":11,"184":1,"185":1,"186":1,"187":1,"188":1,"189":1,"190":11,"191":10,"192":10,"193":8,"194":10,"195":10,"196":10,"197":1,"198":1,"199":1,"200":1,"201":1,"202":5,"203":11,"204":11,"205":1,"206":1,"207":1,"208":5,"209":0,"210":0,"211":5,"212":1,"213":1,"214":329,"215":329,"216":329,"217":33,"218":33,"219":329,"220":31,"221":4,"222":0,"223":4,"224":23,"225":298,"226":1,"227":658,"228":1,"229":46,"230":46,"231":46,"232":46,"233":1,"234":212,"235":212,"236":212,"237":212,"238":1,"239":34,"240":34,"241":34,"242":34,"243":1,"244":37,"245":37,"246":37,"247":37,"248":1},"f":{"0":1,"1":8,"2":14,"3":23,"4":0,"5":8,"6":8,"7":75,"8":9,"9":8,"10":4,"11":12,"12":6,"13":6,"14":0,"15":0,"16":329,"17":658,"18":46,"19":212,"20":34,"21":37},"b":{"0":[1,1],"1":[14],"2":[0],"3":[9,9,9],"4":[0],"5":[0],"6":[2],"7":[0],"8":[5,3],"9":[0],"10":[2],"11":[0],"12":[3],"13":[2],"14":[0],"15":[1],"16":[1,7],"17":[0],"18":[3],"19":[0],"20":[2],"21":[0],"22":[4,4],"23":[1],"24":[1],"25":[4,4],"26":[8,0],"27":[8],"28":[0],"29":[1],"30":[8,8],"31":[0],"32":[0],"33":[0],"34":[2],"35":[4,3],"36":[0],"37":[10],"38":[12,12,12],"39":[3],"40":[1],"41":[0],"42":[0,6],"43":[6],"44":[6,6,6],"45":[11,9],"46":[11],"47":[1],"48":[1],"49":[0],"50":[1],"51":[0,0],"52":[0,0],"53":[0,5],"54":[9,9],"55":[18,9],"56":[9],"57":[1,8],"58":[1],"59":[11,2],"60":[10,1],"61":[8],"62":[1],"63":[10,10,1],"64":[0,10],"65":[10,10],"66":[0,1],"67":[1,1],"68":[1],"69":[1],"70":[1],"71":[0],"72":[319,10],"73":[33],"74":[28,5],"75":[31,298],"76":[4,0,4,23]}}
,"/Users/vedmalex/work/comparator.js/src/fold.ts": {"path":"/Users/vedmalex/work/comparator.js/src/fold.ts","statementMap":{"0":{"start":{"line":1,"column":0},"end":{"line":1,"column":27}},"1":{"start":{"line":4,"column":17},"end":{"line":4,"column":19}},"2":{"start":{"line":5,"column":15},"end":{"line":5,"column":32}},"3":{"start":{"line":6,"column":2},"end":{"line":8,"column":null}},"4":{"start":{"line":6,"column":15},"end":{"line":6,"column":16}},"5":{"start":{"line":6,"column":24},"end":{"line":6,"column":35}},"6":{"start":{"line":7,"column":4},"end":{"line":7,"column":null}},"7":{"start":{"line":9,"column":2},"end":{"line":9,"column":null}},"8":{"start":{"line":3,"column":0},"end":{"line":3,"column":16}}},"fnMap":{"0":{"name":"fold","decl":{"start":{"line":3,"column":16},"end":{"line":3,"column":20}},"loc":{"start":{"line":3,"column":59},"end":{"line":10,"column":1}}}},"branchMap":{},"s":{"0":1,"1":1,"2":1,"3":1,"4":1,"5":1,"6":11,"7":1,"8":1},"f":{"0":1},"b":{}}
,"/Users/vedmalex/work/comparator.js/src/get.ts": {"path":"/Users/vedmalex/work/comparator.js/src/get.ts","statementMap":{"0":{"start":{"line":7,"column":2},"end":{"line":13,"column":null}},"1":{"start":{"line":8,"column":19},"end":{"line":8,"column":21}},"2":{"start":{"line":9,"column":4},"end":{"line":11,"column":null}},"3":{"start":{"line":9,"column":17},"end":{"line":9,"column":18}},"4":{"start":{"line":9,"column":26},"end":{"line":9,"column":37}},"5":{"start":{"line":10,"column":6},"end":{"line":10,"column":null}},"6":{"start":{"line":12,"column":4},"end":{"line":12,"column":null}},"7":{"start":{"line":14,"column":2},"end":{"line":26,"column":null}},"8":{"start":{"line":15,"column":4},"end":{"line":24,"column":null}},"9":{"start":{"line":16,"column":20},"end":{"line":16,"column":35}},"10":{"start":{"line":17,"column":6},"end":{"line":23,"column":null}},"11":{"start":{"line":18,"column":21},"end":{"line":18,"column":34}},"12":{"start":{"line":19,"column":8},"end":{"line":21,"column":null}},"13":{"start":{"line":20,"column":10},"end":{"line":20,"column":null}},"14":{"start":{"line":22,"column":8},"end":{"line":22,"column":null}},"15":{"start":{"line":25,"column":4},"end":{"line":25,"column":null}},"16":{"start":{"line":27,"column":2},"end":{"line":27,"column":null}},"17":{"start":{"line":6,"column":0},"end":{"line":6,"column":16}}},"fnMap":{"0":{"name":"get","decl":{"start":{"line":6,"column":16},"end":{"line":6,"column":19}},"loc":{"start":{"line":6,"column":72},"end":{"line":28,"column":1}}}},"branchMap":{"0":{"loc":{"start":{"line":7,"column":2},"end":{"line":13,"column":null}},"type":"if","locations":[{"start":{"line":7,"column":2},"end":{"line":13,"column":null}}]},"1":{"loc":{"start":{"line":14,"column":2},"end":{"line":26,"column":null}},"type":"if","locations":[{"start":{"line":14,"column":2},"end":{"line":26,"column":null}}]},"2":{"loc":{"start":{"line":15,"column":4},"end":{"line":24,"column":null}},"type":"if","locations":[{"start":{"line":15,"column":4},"end":{"line":24,"column":null}}]},"3":{"loc":{"start":{"line":17,"column":6},"end":{"line":23,"column":null}},"type":"if","locations":[{"start":{"line":17,"column":6},"end":{"line":23,"column":null}}]},"4":{"loc":{"start":{"line":19,"column":8},"end":{"line":21,"column":null}},"type":"if","locations":[{"start":{"line":19,"column":8},"end":{"line":21,"column":null}}]}},"s":{"0":0,"1":0,"2":0,"3":0,"4":0,"5":0,"6":0,"7":0,"8":0,"9":0,"10":0,"11":0,"12":0,"13":0,"14":0,"15":0,"16":0,"17":1},"f":{"0":0},"b":{"0":[0],"1":[0],"2":[0],"3":[0],"4":[0]}}
,"/Users/vedmalex/work/comparator.js/src/has.ts": {"path":"/Users/vedmalex/work/comparator.js/src/has.ts","statementMap":{"0":{"start":{"line":13,"column":2},"end":{"line":32,"column":null}},"1":{"start":{"line":14,"column":19},"end":{"line":14,"column":21}},"2":{"start":{"line":15,"column":4},"end":{"line":17,"column":null}},"3":{"start":{"line":15,"column":17},"end":{"line":15,"column":18}},"4":{"start":{"line":15,"column":26},"end":{"line":15,"column":37}},"5":{"start":{"line":16,"column":6},"end":{"line":16,"column":null}},"6":{"start":{"line":18,"column":4},"end":{"line":18,"column":null}},"7":{"start":{"line":19,"column":9},"end":{"line":32,"column":null}},"8":{"start":{"line":20,"column":4},"end":{"line":31,"column":null}},"9":{"start":{"line":21,"column":20},"end":{"line":21,"column":35}},"10":{"start":{"line":22,"column":6},"end":{"line":28,"column":null}},"11":{"start":{"line":23,"column":21},"end":{"line":23,"column":34}},"12":{"start":{"line":24,"column":8},"end":{"line":26,"column":null}},"13":{"start":{"line":25,"column":10},"end":{"line":25,"column":null}},"14":{"start":{"line":27,"column":8},"end":{"line":27,"column":null}},"15":{"start":{"line":30,"column":6},"end":{"line":30,"column":null}},"16":{"start":{"line":32,"column":9},"end":{"line":32,"column":null}},"17":{"start":{"line":9,"column":0},"end":{"line":9,"column":16}}},"fnMap":{"0":{"name":"has","decl":{"start":{"line":9,"column":16},"end":{"line":9,"column":19}},"loc":{"start":{"line":11,"column":14},"end":{"line":33,"column":1}}}},"branchMap":{"0":{"loc":{"start":{"line":13,"column":2},"end":{"line":32,"column":null}},"type":"if","locations":[{"start":{"line":13,"column":2},"end":{"line":32,"column":null}},{"start":{"line":19,"column":9},"end":{"line":32,"column":null}}]},"1":{"loc":{"start":{"line":19,"column":9},"end":{"line":32,"column":null}},"type":"if","locations":[{"start":{"line":19,"column":9},"end":{"line":32,"column":null}},{"start":{"line":32,"column":9},"end":{"line":32,"column":null}}]},"2":{"loc":{"start":{"line":20,"column":4},"end":{"line":31,"column":null}},"type":"if","locations":[{"start":{"line":20,"column":4},"end":{"line":31,"column":null}},{"start":{"line":29,"column":11},"end":{"line":31,"column":null}}]},"3":{"loc":{"start":{"line":22,"column":6},"end":{"line":28,"column":null}},"type":"if","locations":[{"start":{"line":22,"column":6},"end":{"line":28,"column":null}}]},"4":{"loc":{"start":{"line":24,"column":8},"end":{"line":26,"column":null}},"type":"if","locations":[{"start":{"line":24,"column":8},"end":{"line":26,"column":null}}]}},"s":{"0":0,"1":0,"2":0,"3":0,"4":0,"5":0,"6":0,"7":0,"8":0,"9":0,"10":0,"11":0,"12":0,"13":0,"14":0,"15":0,"16":0,"17":1},"f":{"0":0},"b":{"0":[0,0],"1":[0,0],"2":[0,0],"3":[0],"4":[0]}}
,"/Users/vedmalex/work/comparator.js/src/index.ts": {"path":"/Users/vedmalex/work/comparator.js/src/index.ts","statementMap":{"0":{"start":{"line":1,"column":0},"end":{"line":1,"column":null}},"1":{"start":{"line":2,"column":2},"end":{"line":2,"column":null}},"2":{"start":{"line":3,"column":2},"end":{"line":3,"column":null}},"3":{"start":{"line":4,"column":2},"end":{"line":4,"column":null}},"4":{"start":{"line":5,"column":2},"end":{"line":5,"column":null}},"5":{"start":{"line":6,"column":2},"end":{"line":6,"column":null}},"6":{"start":{"line":9,"column":0},"end":{"line":9,"column":9}},"7":{"start":{"line":9,"column":9},"end":{"line":9,"column":29}},"8":{"start":{"line":10,"column":0},"end":{"line":10,"column":9}},"9":{"start":{"line":10,"column":9},"end":{"line":10,"column":33}},"10":{"start":{"line":11,"column":0},"end":{"line":11,"column":9}},"11":{"start":{"line":11,"column":9},"end":{"line":11,"column":27}},"12":{"start":{"line":12,"column":0},"end":{"line":12,"column":9}},"13":{"start":{"line":12,"column":9},"end":{"line":12,"column":27}},"14":{"start":{"line":13,"column":0},"end":{"line":13,"column":9}},"15":{"start":{"line":13,"column":9},"end":{"line":13,"column":31}},"16":{"start":{"line":14,"column":0},"end":{"line":14,"column":9}},"17":{"start":{"line":14,"column":9},"end":{"line":14,"column":27}}},"fnMap":{"0":{"name":"(anonymous_0)","decl":{"start":{"line":2,"column":2},"end":{"line":2,"column":15}},"loc":{"start":{"line":2,"column":2},"end":{"line":2,"column":null}}},"1":{"name":"(anonymous_1)","decl":{"start":{"line":3,"column":2},"end":{"line":3,"column":10}},"loc":{"start":{"line":3,"column":2},"end":{"line":3,"column":null}}},"2":{"name":"(anonymous_2)","decl":{"start":{"line":4,"column":2},"end":{"line":4,"column":9}},"loc":{"start":{"line":4,"column":2},"end":{"line":4,"column":null}}},"3":{"name":"(anonymous_3)","decl":{"start":{"line":5,"column":2},"end":{"line":5,"column":13}},"loc":{"start":{"line":5,"column":2},"end":{"line":5,"column":null}}},"4":{"name":"(anonymous_4)","decl":{"start":{"line":6,"column":2},"end":{"line":6,"column":6}},"loc":{"start":{"line":6,"column":2},"end":{"line":6,"column":null}}},"5":{"name":"(anonymous_5)","decl":{"start":{"line":9,"column":9},"end":{"line":9,"column":13}},"loc":{"start":{"line":9,"column":9},"end":{"line":9,"column":29}}},"6":{"name":"(anonymous_6)","decl":{"start":{"line":10,"column":9},"end":{"line":10,"column":15}},"loc":{"start":{"line":10,"column":9},"end":{"line":10,"column":33}}},"7":{"name":"(anonymous_7)","decl":{"start":{"line":11,"column":9},"end":{"line":11,"column":12}},"loc":{"start":{"line":11,"column":9},"end":{"line":11,"column":27}}},"8":{"name":"(anonymous_8)","decl":{"start":{"line":12,"column":9},"end":{"line":12,"column":12}},"loc":{"start":{"line":12,"column":9},"end":{"line":12,"column":27}}},"9":{"name":"(anonymous_9)","decl":{"start":{"line":13,"column":9},"end":{"line":13,"column":14}},"loc":{"start":{"line":13,"column":9},"end":{"line":13,"column":31}}},"10":{"name":"(anonymous_10)","decl":{"start":{"line":14,"column":9},"end":{"line":14,"column":12}},"loc":{"start":{"line":14,"column":9},"end":{"line":14,"column":27}}}},"branchMap":{},"s":{"0":1,"1":1,"2":17,"3":29,"4":12,"5":8,"6":1,"7":2,"8":1,"9":2,"10":1,"11":1,"12":1,"13":1,"14":1,"15":1,"16":1,"17":1},"f":{"0":0,"1":16,"2":28,"3":11,"4":7,"5":1,"6":1,"7":0,"8":0,"9":0,"10":0},"b":{}}
,"/Users/vedmalex/work/comparator.js/src/mapping.ts": {"path":"/Users/vedmalex/work/comparator.js/src/mapping.ts","statementMap":{"0":{"start":{"line":11,"column":0},"end":{"line":11,"column":32}},"1":{"start":{"line":15,"column":2},"end":{"line":457,"column":null}},"2":{"start":{"line":19,"column":10},"end":{"line":19,"column":null}},"3":{"start":{"line":22,"column":10},"end":{"line":22,"column":null}},"4":{"start":{"line":28,"column":10},"end":{"line":28,"column":null}},"5":{"start":{"line":33,"column":25},"end":{"line":33,"column":56}},"6":{"start":{"line":34,"column":24},"end":{"line":34,"column":54}},"7":{"start":{"line":35,"column":10},"end":{"line":35,"column":null}},"8":{"start":{"line":35,"column":17},"end":{"line":35,"column":null}},"9":{"start":{"line":36,"column":10},"end":{"line":36,"column":null}},"10":{"start":{"line":40,"column":25},"end":{"line":40,"column":56}},"11":{"start":{"line":41,"column":24},"end":{"line":41,"column":54}},"12":{"start":{"line":42,"column":10},"end":{"line":43,"column":null}},"13":{"start":{"line":42,"column":17},"end":{"line":42,"column":null}},"14":{"start":{"line":43,"column":15},"end":{"line":43,"column":null}},"15":{"start":{"line":44,"column":10},"end":{"line":49,"column":null}},"16":{"start":{"line":45,"column":12},"end":{"line":49,"column":null}},"17":{"start":{"line":50,"column":10},"end":{"line":54,"column":null}},"18":{"start":{"line":59,"column":10},"end":{"line":59,"column":null}},"19":{"start":{"line":64,"column":10},"end":{"line":64,"column":null}},"20":{"start":{"line":71,"column":10},"end":{"line":71,"column":null}},"21":{"start":{"line":74,"column":10},"end":{"line":74,"column":null}},"22":{"start":{"line":80,"column":10},"end":{"line":80,"column":null}},"23":{"start":{"line":85,"column":10},"end":{"line":85,"column":null}},"24":{"start":{"line":88,"column":10},"end":{"line":88,"column":null}},"25":{"start":{"line":94,"column":10},"end":{"line":94,"column":null}},"26":{"start":{"line":99,"column":10},"end":{"line":99,"column":null}},"27":{"start":{"line":104,"column":10},"end":{"line":104,"column":null}},"28":{"start":{"line":109,"column":10},"end":{"line":109,"column":null}},"29":{"start":{"line":116,"column":25},"end":{"line":116,"column":56}},"30":{"start":{"line":117,"column":24},"end":{"line":117,"column":54}},"31":{"start":{"line":118,"column":10},"end":{"line":118,"column":null}},"32":{"start":{"line":118,"column":17},"end":{"line":118,"column":null}},"33":{"start":{"line":119,"column":10},"end":{"line":119,"column":null}},"34":{"start":{"line":123,"column":25},"end":{"line":123,"column":56}},"35":{"start":{"line":124,"column":24},"end":{"line":124,"column":54}},"36":{"start":{"line":125,"column":10},"end":{"line":126,"column":null}},"37":{"start":{"line":125,"column":17},"end":{"line":125,"column":null}},"38":{"start":{"line":126,"column":15},"end":{"line":126,"column":null}},"39":{"start":{"line":127,"column":10},"end":{"line":132,"column":null}},"40":{"start":{"line":128,"column":12},"end":{"line":132,"column":null}},"41":{"start":{"line":133,"column":10},"end":{"line":137,"column":null}},"42":{"start":{"line":142,"column":10},"end":{"line":142,"column":null}},"43":{"start":{"line":145,"column":10},"end":{"line":145,"column":null}},"44":{"start":{"line":149,"column":10},"end":{"line":153,"column":null}},"45":{"start":{"line":150,"column":12},"end":{"line":153,"column":null}},"46":{"start":{"line":154,"column":25},"end":{"line":154,"column":40}},"47":{"start":{"line":155,"column":25},"end":{"line":155,"column":33}},"48":{"start":{"line":156,"column":25},"end":{"line":156,"column":33}},"49":{"start":{"line":157,"column":29},"end":{"line":157,"column":30}},"50":{"start":{"line":158,"column":27},"end":{"line":158,"column":28}},"51":{"start":{"line":159,"column":27},"end":{"line":159,"column":28}},"52":{"start":{"line":160,"column":25},"end":{"line":160,"column":26}},"53":{"start":{"line":161,"column":25},"end":{"line":161,"column":26}},"54":{"start":{"line":163,"column":10},"end":{"line":174,"column":null}},"55":{"start":{"line":164,"column":12},"end":{"line":173,"column":null}},"56":{"start":{"line":165,"column":14},"end":{"line":165,"column":null}},"57":{"start":{"line":166,"column":14},"end":{"line":166,"column":null}},"58":{"start":{"line":167,"column":19},"end":{"line":173,"column":null}},"59":{"start":{"line":168,"column":14},"end":{"line":168,"column":null}},"60":{"start":{"line":169,"column":14},"end":{"line":169,"column":null}},"61":{"start":{"line":171,"column":14},"end":{"line":171,"column":null}},"62":{"start":{"line":175,"column":10},"end":{"line":181,"column":null}},"63":{"start":{"line":176,"column":12},"end":{"line":180,"column":null}},"64":{"start":{"line":182,"column":10},"end":{"line":194,"column":null}},"65":{"start":{"line":183,"column":12},"end":{"line":193,"column":null}},"66":{"start":{"line":196,"column":10},"end":{"line":201,"column":null}},"67":{"start":{"line":206,"column":10},"end":{"line":206,"column":null}},"68":{"start":{"line":209,"column":10},"end":{"line":209,"column":null}},"69":{"start":{"line":215,"column":10},"end":{"line":215,"column":null}},"70":{"start":{"line":215,"column":44},"end":{"line":215,"column":null}},"71":{"start":{"line":217,"column":10},"end":{"line":225,"column":null}},"72":{"start":{"line":220,"column":12},"end":{"line":220,"column":null}},"73":{"start":{"line":222,"column":12},"end":{"line":223,"column":null}},"74":{"start":{"line":222,"column":26},"end":{"line":222,"column":null}},"75":{"start":{"line":223,"column":17},"end":{"line":223,"column":null}},"76":{"start":{"line":224,"column":12},"end":{"line":224,"column":null}},"77":{"start":{"line":226,"column":10},"end":{"line":226,"column":null}},"78":{"start":{"line":229,"column":10},"end":{"line":229,"column":null}},"79":{"start":{"line":229,"column":44},"end":{"line":229,"column":null}},"80":{"start":{"line":231,"column":10},"end":{"line":238,"column":null}},"81":{"start":{"line":234,"column":12},"end":{"line":234,"column":null}},"82":{"start":{"line":235,"column":12},"end":{"line":236,"column":null}},"83":{"start":{"line":235,"column":26},"end":{"line":235,"column":null}},"84":{"start":{"line":236,"column":17},"end":{"line":236,"column":null}},"85":{"start":{"line":237,"column":12},"end":{"line":237,"column":null}},"86":{"start":{"line":239,"column":10},"end":{"line":239,"column":null}},"87":{"start":{"line":243,"column":10},"end":{"line":247,"column":null}},"88":{"start":{"line":244,"column":12},"end":{"line":247,"column":null}},"89":{"start":{"line":249,"column":10},"end":{"line":262,"column":null}},"90":{"start":{"line":252,"column":12},"end":{"line":252,"column":null}},"91":{"start":{"line":253,"column":12},"end":{"line":254,"column":null}},"92":{"start":{"line":253,"column":26},"end":{"line":253,"column":null}},"93":{"start":{"line":254,"column":17},"end":{"line":254,"column":null}},"94":{"start":{"line":256,"column":12},"end":{"line":261,"column":null}},"95":{"start":{"line":257,"column":14},"end":{"line":261,"column":null}},"96":{"start":{"line":264,"column":10},"end":{"line":268,"column":null}},"97":{"start":{"line":273,"column":10},"end":{"line":273,"column":null}},"98":{"start":{"line":278,"column":10},"end":{"line":278,"column":null}},"99":{"start":{"line":283,"column":10},"end":{"line":283,"column":null}},"100":{"start":{"line":286,"column":10},"end":{"line":286,"column":null}},"101":{"start":{"line":292,"column":10},"end":{"line":292,"column":null}},"102":{"start":{"line":295,"column":10},"end":{"line":295,"column":null}},"103":{"start":{"line":301,"column":10},"end":{"line":301,"column":null}},"104":{"start":{"line":304,"column":10},"end":{"line":304,"column":null}},"105":{"start":{"line":313,"column":10},"end":{"line":313,"column":null}},"106":{"start":{"line":316,"column":10},"end":{"line":316,"column":null}},"107":{"start":{"line":323,"column":10},"end":{"line":323,"column":null}},"108":{"start":{"line":328,"column":10},"end":{"line":328,"column":null}},"109":{"start":{"line":333,"column":10},"end":{"line":333,"column":null}},"110":{"start":{"line":336,"column":10},"end":{"line":336,"column":null}},"111":{"start":{"line":343,"column":10},"end":{"line":343,"column":null}},"112":{"start":{"line":343,"column":23},"end":{"line":343,"column":null}},"113":{"start":{"line":344,"column":10},"end":{"line":344,"column":null}},"114":{"start":{"line":347,"column":10},"end":{"line":347,"column":null}},"115":{"start":{"line":353,"column":10},"end":{"line":353,"column":null}},"116":{"start":{"line":356,"column":10},"end":{"line":356,"column":null}},"117":{"start":{"line":368,"column":10},"end":{"line":370,"column":null}},"118":{"start":{"line":378,"column":10},"end":{"line":381,"column":null}},"119":{"start":{"line":391,"column":10},"end":{"line":394,"column":null}},"120":{"start":{"line":448,"column":10},"end":{"line":448,"column":null}},"121":{"start":{"line":451,"column":10},"end":{"line":451,"column":null}},"122":{"start":{"line":14,"column":0},"end":{"line":14,"column":16}}},"fnMap":{"0":{"name":"cmp","decl":{"start":{"line":14,"column":16},"end":{"line":14,"column":19}},"loc":{"start":{"line":14,"column":35},"end":{"line":458,"column":1}}},"1":{"name":"(anonymous_1)","decl":{"start":{"line":18,"column":8},"end":{"line":18,"column":14}},"loc":{"start":{"line":18,"column":35},"end":{"line":20,"column":9}}},"2":{"name":"(anonymous_2)","decl":{"start":{"line":21,"column":8},"end":{"line":21,"column":13}},"loc":{"start":{"line":21,"column":34},"end":{"line":23,"column":9}}},"3":{"name":"(anonymous_3)","decl":{"start":{"line":27,"column":8},"end":{"line":27,"column":13}},"loc":{"start":{"line":27,"column":33},"end":{"line":29,"column":9}}},"4":{"name":"(anonymous_4)","decl":{"start":{"line":32,"column":8},"end":{"line":32,"column":13}},"loc":{"start":{"line":32,"column":33},"end":{"line":37,"column":9}}},"5":{"name":"(anonymous_5)","decl":{"start":{"line":38,"column":8},"end":{"line":38,"column":12}},"loc":{"start":{"line":38,"column":32},"end":{"line":55,"column":9}}},"6":{"name":"(anonymous_6)","decl":{"start":{"line":58,"column":8},"end":{"line":58,"column":13}},"loc":{"start":{"line":58,"column":36},"end":{"line":60,"column":9}}},"7":{"name":"(anonymous_7)","decl":{"start":{"line":63,"column":8},"end":{"line":63,"column":13}},"loc":{"start":{"line":63,"column":33},"end":{"line":65,"column":9}}},"8":{"name":"(anonymous_8)","decl":{"start":{"line":70,"column":8},"end":{"line":70,"column":14}},"loc":{"start":{"line":70,"column":33},"end":{"line":72,"column":9}}},"9":{"name":"(anonymous_9)","decl":{"start":{"line":73,"column":8},"end":{"line":73,"column":13}},"loc":{"start":{"line":73,"column":32},"end":{"line":75,"column":9}}},"10":{"name":"(anonymous_10)","decl":{"start":{"line":79,"column":8},"end":{"line":79,"column":13}},"loc":{"start":{"line":79,"column":32},"end":{"line":81,"column":9}}},"11":{"name":"(anonymous_11)","decl":{"start":{"line":84,"column":8},"end":{"line":84,"column":14}},"loc":{"start":{"line":84,"column":31},"end":{"line":86,"column":9}}},"12":{"name":"(anonymous_12)","decl":{"start":{"line":87,"column":8},"end":{"line":87,"column":13}},"loc":{"start":{"line":87,"column":30},"end":{"line":89,"column":9}}},"13":{"name":"(anonymous_13)","decl":{"start":{"line":93,"column":8},"end":{"line":93,"column":13}},"loc":{"start":{"line":93,"column":30},"end":{"line":95,"column":9}}},"14":{"name":"(anonymous_14)","decl":{"start":{"line":98,"column":8},"end":{"line":98,"column":13}},"loc":{"start":{"line":98,"column":35},"end":{"line":100,"column":9}}},"15":{"name":"(anonymous_15)","decl":{"start":{"line":103,"column":8},"end":{"line":103,"column":13}},"loc":{"start":{"line":103,"column":32},"end":{"line":105,"column":9}}},"16":{"name":"(anonymous_16)","decl":{"start":{"line":108,"column":8},"end":{"line":108,"column":13}},"loc":{"start":{"line":108,"column":34},"end":{"line":110,"column":9}}},"17":{"name":"(anonymous_17)","decl":{"start":{"line":115,"column":8},"end":{"line":115,"column":13}},"loc":{"start":{"line":115,"column":33},"end":{"line":120,"column":9}}},"18":{"name":"(anonymous_18)","decl":{"start":{"line":121,"column":8},"end":{"line":121,"column":12}},"loc":{"start":{"line":121,"column":32},"end":{"line":138,"column":9}}},"19":{"name":"(anonymous_19)","decl":{"start":{"line":141,"column":8},"end":{"line":141,"column":14}},"loc":{"start":{"line":141,"column":33},"end":{"line":143,"column":9}}},"20":{"name":"(anonymous_20)","decl":{"start":{"line":144,"column":8},"end":{"line":144,"column":13}},"loc":{"start":{"line":144,"column":32},"end":{"line":146,"column":9}}},"21":{"name":"(anonymous_21)","decl":{"start":{"line":148,"column":8},"end":{"line":148,"column":12}},"loc":{"start":{"line":148,"column":31},"end":{"line":202,"column":9}}},"22":{"name":"(anonymous_22)","decl":{"start":{"line":163,"column":25},"end":{"line":163,"column":29}},"loc":{"start":{"line":163,"column":32},"end":{"line":174,"column":11}}},"23":{"name":"(anonymous_23)","decl":{"start":{"line":205,"column":8},"end":{"line":205,"column":14}},"loc":{"start":{"line":205,"column":33},"end":{"line":207,"column":9}}},"24":{"name":"(anonymous_24)","decl":{"start":{"line":208,"column":8},"end":{"line":208,"column":13}},"loc":{"start":{"line":208,"column":32},"end":{"line":210,"column":9}}},"25":{"name":"(anonymous_25)","decl":{"start":{"line":214,"column":8},"end":{"line":214,"column":14}},"loc":{"start":{"line":214,"column":31},"end":{"line":227,"column":9}}},"26":{"name":"(anonymous_26)","decl":{"start":{"line":228,"column":8},"end":{"line":228,"column":13}},"loc":{"start":{"line":228,"column":30},"end":{"line":240,"column":9}}},"27":{"name":"(anonymous_27)","decl":{"start":{"line":242,"column":8},"end":{"line":242,"column":12}},"loc":{"start":{"line":242,"column":29},"end":{"line":269,"column":9}}},"28":{"name":"(anonymous_28)","decl":{"start":{"line":272,"column":8},"end":{"line":272,"column":13}},"loc":{"start":{"line":272,"column":30},"end":{"line":274,"column":9}}},"29":{"name":"(anonymous_29)","decl":{"start":{"line":277,"column":8},"end":{"line":277,"column":13}},"loc":{"start":{"line":277,"column":35},"end":{"line":279,"column":9}}},"30":{"name":"(anonymous_30)","decl":{"start":{"line":282,"column":8},"end":{"line":282,"column":14}},"loc":{"start":{"line":282,"column":37},"end":{"line":284,"column":9}}},"31":{"name":"(anonymous_31)","decl":{"start":{"line":285,"column":8},"end":{"line":285,"column":13}},"loc":{"start":{"line":285,"column":36},"end":{"line":287,"column":9}}},"32":{"name":"(anonymous_32)","decl":{"start":{"line":291,"column":8},"end":{"line":291,"column":14}},"loc":{"start":{"line":291,"column":33},"end":{"line":293,"column":9}}},"33":{"name":"(anonymous_33)","decl":{"start":{"line":294,"column":8},"end":{"line":294,"column":13}},"loc":{"start":{"line":294,"column":32},"end":{"line":296,"column":9}}},"34":{"name":"(anonymous_34)","decl":{"start":{"line":300,"column":8},"end":{"line":300,"column":14}},"loc":{"start":{"line":300,"column":35},"end":{"line":302,"column":9}}},"35":{"name":"(anonymous_35)","decl":{"start":{"line":303,"column":8},"end":{"line":303,"column":13}},"loc":{"start":{"line":303,"column":34},"end":{"line":305,"column":9}}},"36":{"name":"(anonymous_36)","decl":{"start":{"line":312,"column":8},"end":{"line":312,"column":14}},"loc":{"start":{"line":312,"column":33},"end":{"line":314,"column":9}}},"37":{"name":"(anonymous_37)","decl":{"start":{"line":315,"column":8},"end":{"line":315,"column":13}},"loc":{"start":{"line":315,"column":32},"end":{"line":317,"column":9}}},"38":{"name":"(anonymous_38)","decl":{"start":{"line":322,"column":8},"end":{"line":322,"column":13}},"loc":{"start":{"line":322,"column":35},"end":{"line":324,"column":9}}},"39":{"name":"(anonymous_39)","decl":{"start":{"line":327,"column":8},"end":{"line":327,"column":13}},"loc":{"start":{"line":327,"column":30},"end":{"line":329,"column":9}}},"40":{"name":"(anonymous_40)","decl":{"start":{"line":332,"column":8},"end":{"line":332,"column":14}},"loc":{"start":{"line":332,"column":33},"end":{"line":334,"column":9}}},"41":{"name":"(anonymous_41)","decl":{"start":{"line":335,"column":8},"end":{"line":335,"column":13}},"loc":{"start":{"line":335,"column":32},"end":{"line":337,"column":9}}},"42":{"name":"(anonymous_42)","decl":{"start":{"line":342,"column":8},"end":{"line":342,"column":14}},"loc":{"start":{"line":342,"column":29},"end":{"line":345,"column":9}}},"43":{"name":"(anonymous_43)","decl":{"start":{"line":346,"column":8},"end":{"line":346,"column":13}},"loc":{"start":{"line":346,"column":28},"end":{"line":348,"column":9}}},"44":{"name":"(anonymous_44)","decl":{"start":{"line":352,"column":8},"end":{"line":352,"column":14}},"loc":{"start":{"line":352,"column":31},"end":{"line":354,"column":9}}},"45":{"name":"(anonymous_45)","decl":{"start":{"line":355,"column":8},"end":{"line":355,"column":13}},"loc":{"start":{"line":355,"column":30},"end":{"line":357,"column":9}}},"46":{"name":"(anonymous_46)","decl":{"start":{"line":367,"column":8},"end":{"line":367,"column":12}},"loc":{"start":{"line":367,"column":12},"end":{"line":371,"column":9}}},"47":{"name":"(anonymous_47)","decl":{"start":{"line":377,"column":8},"end":{"line":377,"column":12}},"loc":{"start":{"line":377,"column":12},"end":{"line":382,"column":9}}},"48":{"name":"(anonymous_48)","decl":{"start":{"line":390,"column":8},"end":{"line":390,"column":12}},"loc":{"start":{"line":390,"column":12},"end":{"line":395,"column":9}}},"49":{"name":"(anonymous_49)","decl":{"start":{"line":447,"column":8},"end":{"line":447,"column":14}},"loc":{"start":{"line":447,"column":37},"end":{"line":449,"column":9}}},"50":{"name":"(anonymous_50)","decl":{"start":{"line":450,"column":8},"end":{"line":450,"column":13}},"loc":{"start":{"line":450,"column":36},"end":{"line":452,"column":9}}}},"branchMap":{"0":{"loc":{"start":{"line":33,"column":25},"end":{"line":33,"column":56}},"type":"binary-expr","locations":[{"start":{"line":33,"column":25},"end":{"line":33,"column":41}},{"start":{"line":33,"column":45},"end":{"line":33,"column":56}}]},"1":{"loc":{"start":{"line":34,"column":24},"end":{"line":34,"column":54}},"type":"binary-expr","locations":[{"start":{"line":34,"column":24},"end":{"line":34,"column":39}},{"start":{"line":34,"column":43},"end":{"line":34,"column":54}}]},"2":{"loc":{"start":{"line":35,"column":10},"end":{"line":35,"column":null}},"type":"if","locations":[{"start":{"line":35,"column":10},"end":{"line":35,"column":null}}]},"3":{"loc":{"start":{"line":40,"column":25},"end":{"line":40,"column":56}},"type":"binary-expr","locations":[{"start":{"line":40,"column":25},"end":{"line":40,"column":41}},{"start":{"line":40,"column":45},"end":{"line":40,"column":56}}]},"4":{"loc":{"start":{"line":41,"column":24},"end":{"line":41,"column":54}},"type":"binary-expr","locations":[{"start":{"line":41,"column":24},"end":{"line":41,"column":39}},{"start":{"line":41,"column":43},"end":{"line":41,"column":54}}]},"5":{"loc":{"start":{"line":42,"column":10},"end":{"line":43,"column":null}},"type":"if","locations":[{"start":{"line":42,"column":10},"end":{"line":43,"column":null}},{"start":{"line":43,"column":15},"end":{"line":43,"column":null}}]},"6":{"loc":{"start":{"line":44,"column":10},"end":{"line":49,"column":null}},"type":"if","locations":[{"start":{"line":44,"column":10},"end":{"line":49,"column":null}}]},"7":{"loc":{"start":{"line":116,"column":25},"end":{"line":116,"column":56}},"type":"binary-expr","locations":[{"start":{"line":116,"column":25},"end":{"line":116,"column":41}},{"start":{"line":116,"column":45},"end":{"line":116,"column":56}}]},"8":{"loc":{"start":{"line":117,"column":24},"end":{"line":117,"column":54}},"type":"binary-expr","locations":[{"start":{"line":117,"column":24},"end":{"line":117,"column":39}},{"start":{"line":117,"column":43},"end":{"line":117,"column":54}}]},"9":{"loc":{"start":{"line":118,"column":10},"end":{"line":118,"column":null}},"type":"if","locations":[{"start":{"line":118,"column":10},"end":{"line":118,"column":null}}]},"10":{"loc":{"start":{"line":123,"column":25},"end":{"line":123,"column":56}},"type":"binary-expr","locations":[{"start":{"line":123,"column":25},"end":{"line":123,"column":41}},{"start":{"line":123,"column":45},"end":{"line":123,"column":56}}]},"11":{"loc":{"start":{"line":124,"column":24},"end":{"line":124,"column":54}},"type":"binary-expr","locations":[{"start":{"line":124,"column":24},"end":{"line":124,"column":39}},{"start":{"line":124,"column":43},"end":{"line":124,"column":54}}]},"12":{"loc":{"start":{"line":125,"column":10},"end":{"line":126,"column":null}},"type":"if","locations":[{"start":{"line":125,"column":10},"end":{"line":126,"column":null}},{"start":{"line":126,"column":15},"end":{"line":126,"column":null}}]},"13":{"loc":{"start":{"line":127,"column":10},"end":{"line":132,"column":null}},"type":"if","locations":[{"start":{"line":127,"column":10},"end":{"line":132,"column":null}}]},"14":{"loc":{"start":{"line":149,"column":10},"end":{"line":153,"column":null}},"type":"if","locations":[{"start":{"line":149,"column":10},"end":{"line":153,"column":null}}]},"15":{"loc":{"start":{"line":164,"column":12},"end":{"line":173,"column":null}},"type":"if","locations":[{"start":{"line":164,"column":12},"end":{"line":173,"column":null}},{"start":{"line":167,"column":19},"end":{"line":173,"column":null}}]},"16":{"loc":{"start":{"line":167,"column":19},"end":{"line":173,"column":null}},"type":"if","locations":[{"start":{"line":167,"column":19},"end":{"line":173,"column":null}},{"start":{"line":170,"column":19},"end":{"line":173,"column":null}}]},"17":{"loc":{"start":{"line":175,"column":10},"end":{"line":181,"column":null}},"type":"if","locations":[{"start":{"line":175,"column":10},"end":{"line":181,"column":null}}]},"18":{"loc":{"start":{"line":175,"column":14},"end":{"line":175,"column":70}},"type":"binary-expr","locations":[{"start":{"line":175,"column":14},"end":{"line":175,"column":32}},{"start":{"line":175,"column":36},"end":{"line":175,"column":50}},{"start":{"line":175,"column":54},"end":{"line":175,"column":70}}]},"19":{"loc":{"start":{"line":182,"column":10},"end":{"line":194,"column":null}},"type":"if","locations":[{"start":{"line":182,"column":10},"end":{"line":194,"column":null}}]},"20":{"loc":{"start":{"line":182,"column":14},"end":{"line":182,"column":66}},"type":"binary-expr","locations":[{"start":{"line":182,"column":14},"end":{"line":182,"column":30}},{"start":{"line":182,"column":35},"end":{"line":182,"column":47}},{"start":{"line":182,"column":51},"end":{"line":182,"column":65}}]},"21":{"loc":{"start":{"line":192,"column":17},"end":{"line":192,"column":56}},"type":"cond-expr","locations":[{"start":{"line":192,"column":41},"end":{"line":192,"column":47}},{"start":{"line":192,"column":50},"end":{"line":192,"column":56}}]},"22":{"loc":{"start":{"line":215,"column":10},"end":{"line":215,"column":null}},"type":"if","locations":[{"start":{"line":215,"column":10},"end":{"line":215,"column":null}}]},"23":{"loc":{"start":{"line":217,"column":10},"end":{"line":225,"column":null}},"type":"if","locations":[{"start":{"line":217,"column":10},"end":{"line":225,"column":null}}]},"24":{"loc":{"start":{"line":222,"column":12},"end":{"line":223,"column":null}},"type":"if","locations":[{"start":{"line":222,"column":12},"end":{"line":223,"column":null}},{"start":{"line":223,"column":17},"end":{"line":223,"column":null}}]},"25":{"loc":{"start":{"line":229,"column":10},"end":{"line":229,"column":null}},"type":"if","locations":[{"start":{"line":229,"column":10},"end":{"line":229,"column":null}}]},"26":{"loc":{"start":{"line":231,"column":10},"end":{"line":238,"column":null}},"type":"if","locations":[{"start":{"line":231,"column":10},"end":{"line":238,"column":null}}]},"27":{"loc":{"start":{"line":235,"column":12},"end":{"line":236,"column":null}},"type":"if","locations":[{"start":{"line":235,"column":12},"end":{"line":236,"column":null}},{"start":{"line":236,"column":17},"end":{"line":236,"column":null}}]},"28":{"loc":{"start":{"line":243,"column":10},"end":{"line":247,"column":null}},"type":"if","locations":[{"start":{"line":243,"column":10},"end":{"line":247,"column":null}}]},"29":{"loc":{"start":{"line":249,"column":10},"end":{"line":262,"column":null}},"type":"if","locations":[{"start":{"line":249,"column":10},"end":{"line":262,"column":null}}]},"30":{"loc":{"start":{"line":253,"column":12},"end":{"line":254,"column":null}},"type":"if","locations":[{"start":{"line":253,"column":12},"end":{"line":254,"column":null}},{"start":{"line":254,"column":17},"end":{"line":254,"column":null}}]},"31":{"loc":{"start":{"line":256,"column":12},"end":{"line":261,"column":null}},"type":"if","locations":[{"start":{"line":256,"column":12},"end":{"line":261,"column":null}}]},"32":{"loc":{"start":{"line":343,"column":10},"end":{"line":343,"column":null}},"type":"if","locations":[{"start":{"line":343,"column":10},"end":{"line":343,"column":null}}]}},"s":{"0":1,"1":1,"2":0,"3":9,"4":0,"5":5,"6":5,"7":5,"8":3,"9":2,"10":0,"11":0,"12":0,"13":0,"14":0,"15":0,"16":0,"17":0,"18":0,"19":0,"20":25,"21":106,"22":0,"23":0,"24":0,"25":0,"26":1,"27":2,"28":0,"29":5,"30":5,"31":5,"32":3,"33":2,"34":0,"35":0,"36":0,"37":0,"38":0,"39":0,"40":0,"41":0,"42":2,"43":0,"44":0,"45":0,"46":0,"47":0,"48":0,"49":0,"50":0,"51":0,"52":0,"53":0,"54":0,"55":0,"56":0,"57":0,"58":0,"59":0,"60":0,"61":0,"62":0,"63":0,"64":0,"65":0,"66":0,"67":0,"68":0,"69":0,"70":0,"71":0,"72":0,"73":0,"74":0,"75":0,"76":0,"77":0,"78":0,"79":0,"80":0,"81":0,"82":0,"83":0,"84":0,"85":0,"86":0,"87":0,"88":0,"89":0,"90":0,"91":0,"92":0,"93":0,"94":0,"95":0,"96":0,"97":0,"98":0,"99":0,"100":0,"101":0,"102":0,"103":0,"104":0,"105":0,"106":0,"107":1,"108":1,"109":0,"110":0,"111":0,"112":0,"113":0,"114":0,"115":0,"116":0,"117":0,"118":0,"119":0,"120":2,"121":1,"122":1},"f":{"0":1,"1":0,"2":9,"3":0,"4":5,"5":0,"6":0,"7":0,"8":25,"9":106,"10":0,"11":0,"12":0,"13":0,"14":1,"15":2,"16":0,"17":5,"18":0,"19":2,"20":0,"21":0,"22":0,"23":0,"24":0,"25":0,"26":0,"27":0,"28":0,"29":0,"30":0,"31":0,"32":0,"33":0,"34":0,"35":0,"36":0,"37":0,"38":1,"39":1,"40":0,"41":0,"42":0,"43":0,"44":0,"45":0,"46":0,"47":0,"48":0,"49":2,"50":1},"b":{"0":[5,3],"1":[5,3],"2":[3],"3":[0,0],"4":[0,0],"5":[0,0],"6":[0],"7":[5,3],"8":[5,3],"9":[3],"10":[0,0],"11":[0,0],"12":[0,0],"13":[0],"14":[0],"15":[0,0],"16":[0,0],"17":[0],"18":[0,0,0],"19":[0],"20":[0,0,0],"21":[0,0],"22":[0],"23":[0],"24":[0,0],"25":[0],"26":[0],"27":[0,0],"28":[0],"29":[0],"30":[0,0],"31":[0],"32":[0]}}
,"/Users/vedmalex/work/comparator.js/src/set.ts": {"path":"/Users/vedmalex/work/comparator.js/src/set.ts","statementMap":{"0":{"start":{"line":2,"column":2},"end":{"line":16,"column":null}},"1":{"start":{"line":3,"column":18},"end":{"line":3,"column":33}},"2":{"start":{"line":4,"column":4},"end":{"line":15,"column":null}},"3":{"start":{"line":5,"column":19},"end":{"line":5,"column":32}},"4":{"start":{"line":6,"column":6},"end":{"line":12,"column":null}},"5":{"start":{"line":7,"column":8},"end":{"line":10,"column":null}},"6":{"start":{"line":8,"column":10},"end":{"line":9,"column":null}},"7":{"start":{"line":8,"column":46},"end":{"line":8,"column":null}},"8":{"start":{"line":9,"column":15},"end":{"line":9,"column":null}},"9":{"start":{"line":11,"column":8},"end":{"line":11,"column":null}},"10":{"start":{"line":12,"column":13},"end":{"line":12,"column":null}},"11":{"start":{"line":14,"column":6},"end":{"line":14,"column":null}},"12":{"start":{"line":1,"column":0},"end":{"line":1,"column":16}}},"fnMap":{"0":{"name":"set","decl":{"start":{"line":1,"column":16},"end":{"line":1,"column":19}},"loc":{"start":{"line":1,"column":71},"end":{"line":17,"column":1}}}},"branchMap":{"0":{"loc":{"start":{"line":2,"column":2},"end":{"line":16,"column":null}},"type":"if","locations":[{"start":{"line":2,"column":2},"end":{"line":16,"column":null}}]},"1":{"loc":{"start":{"line":4,"column":4},"end":{"line":15,"column":null}},"type":"if","locations":[{"start":{"line":4,"column":4},"end":{"line":15,"column":null}},{"start":{"line":13,"column":11},"end":{"line":15,"column":null}}]},"2":{"loc":{"start":{"line":6,"column":6},"end":{"line":12,"column":null}},"type":"if","locations":[{"start":{"line":6,"column":6},"end":{"line":12,"column":null}},{"start":{"line":12,"column":13},"end":{"line":12,"column":null}}]},"3":{"loc":{"start":{"line":7,"column":8},"end":{"line":10,"column":null}},"type":"if","locations":[{"start":{"line":7,"column":8},"end":{"line":10,"column":null}}]},"4":{"loc":{"start":{"line":8,"column":10},"end":{"line":9,"column":null}},"type":"if","locations":[{"start":{"line":8,"column":10},"end":{"line":9,"column":null}},{"start":{"line":9,"column":15},"end":{"line":9,"column":null}}]}},"s":{"0":38,"1":38,"2":38,"3":38,"4":38,"5":27,"6":5,"7":2,"8":3,"9":27,"10":11,"11":0,"12":1},"f":{"0":38},"b":{"0":[38],"1":[38,0],"2":[27,11],"3":[5],"4":[2,3]}}
,"/Users/vedmalex/work/comparator.js/src/unfold.ts": {"path":"/Users/vedmalex/work/comparator.js/src/unfold.ts","statementMap":{"0":{"start":{"line":6,"column":17},"end":{"line":6,"column":30}},"1":{"start":{"line":7,"column":19},"end":{"line":7,"column":34}},"2":{"start":{"line":11,"column":2},"end":{"line":22,"column":null}},"3":{"start":{"line":12,"column":4},"end":{"line":14,"column":null}},"4":{"start":{"line":13,"column":6},"end":{"line":13,"column":null}},"5":{"start":{"line":15,"column":9},"end":{"line":22,"column":null}},"6":{"start":{"line":16,"column":17},"end":{"line":16,"column":34}},"7":{"start":{"line":17,"column":4},"end":{"line":19,"column":null}},"8":{"start":{"line":18,"column":6},"end":{"line":18,"column":null}},"9":{"start":{"line":21,"column":4},"end":{"line":21,"column":null}},"10":{"start":{"line":23,"column":2},"end":{"line":23,"column":null}},"11":{"start":{"line":1,"column":0},"end":{"line":1,"column":16}}},"fnMap":{"0":{"name":"unfold","decl":{"start":{"line":1,"column":16},"end":{"line":1,"column":22}},"loc":{"start":{"line":4,"column":20},"end":{"line":24,"column":1}}}},"branchMap":{"0":{"loc":{"start":{"line":6,"column":17},"end":{"line":6,"column":30}},"type":"binary-expr","locations":[{"start":{"line":6,"column":17},"end":{"line":6,"column":24}},{"start":{"line":6,"column":28},"end":{"line":6,"column":30}}]},"1":{"loc":{"start":{"line":7,"column":19},"end":{"line":7,"column":34}},"type":"binary-expr","locations":[{"start":{"line":7,"column":19},"end":{"line":7,"column":28}},{"start":{"line":7,"column":32},"end":{"line":7,"column":34}}]},"2":{"loc":{"start":{"line":11,"column":2},"end":{"line":22,"column":null}},"type":"if","locations":[{"start":{"line":11,"column":2},"end":{"line":22,"column":null}},{"start":{"line":15,"column":9},"end":{"line":22,"column":null}}]},"3":{"loc":{"start":{"line":13,"column":31},"end":{"line":13,"column":61}},"type":"cond-expr","locations":[{"start":{"line":13,"column":42},"end":{"line":13,"column":56}},{"start":{"line":13,"column":59},"end":{"line":13,"column":61}}]},"4":{"loc":{"start":{"line":15,"column":9},"end":{"line":22,"column":null}},"type":"if","locations":[{"start":{"line":15,"column":9},"end":{"line":22,"column":null}},{"start":{"line":20,"column":9},"end":{"line":22,"column":null}}]},"5":{"loc":{"start":{"line":15,"column":13},"end":{"line":15,"column":48}},"type":"binary-expr","locations":[{"start":{"line":15,"column":13},"end":{"line":15,"column":17}},{"start":{"line":15,"column":21},"end":{"line":15,"column":48}}]},"6":{"loc":{"start":{"line":18,"column":37},"end":{"line":18,"column":67}},"type":"cond-expr","locations":[{"start":{"line":18,"column":48},"end":{"line":18,"column":62}},{"start":{"line":18,"column":65},"end":{"line":18,"column":67}}]}},"s":{"0":17,"1":17,"2":17,"3":3,"4":8,"5":14,"6":3,"7":3,"8":8,"9":11,"10":17,"11":1},"f":{"0":17},"b":{"0":[17,1],"1":[17,1],"2":[3,14],"3":[8,0],"4":[3,11],"5":[14,14],"6":[5,3]}}
,"/Users/vedmalex/work/comparator.js/src/unset.ts": {"path":"/Users/vedmalex/work/comparator.js/src/unset.ts","statementMap":{"0":{"start":{"line":2,"column":2},"end":{"line":20,"column":null}},"1":{"start":{"line":3,"column":4},"end":{"line":5,"column":null}},"2":{"start":{"line":3,"column":17},"end":{"line":3,"column":18}},"3":{"start":{"line":3,"column":26},"end":{"line":3,"column":37}},"4":{"start":{"line":4,"column":6},"end":{"line":4,"column":null}},"5":{"start":{"line":6,"column":9},"end":{"line":20,"column":null}},"6":{"start":{"line":7,"column":4},"end":{"line":19,"column":null}},"7":{"start":{"line":8,"column":20},"end":{"line":8,"column":35}},"8":{"start":{"line":9,"column":6},"end":{"line":16,"column":null}},"9":{"start":{"line":10,"column":21},"end":{"line":10,"column":34}},"10":{"start":{"line":11,"column":8},"end":{"line":15,"column":null}},"11":{"start":{"line":12,"column":10},"end":{"line":12,"column":null}},"12":{"start":{"line":14,"column":10},"end":{"line":14,"column":null}},"13":{"start":{"line":18,"column":6},"end":{"line":18,"column":null}},"14":{"start":{"line":1,"column":0},"end":{"line":1,"column":16}}},"fnMap":{"0":{"name":"unset","decl":{"start":{"line":1,"column":16},"end":{"line":1,"column":21}},"loc":{"start":{"line":1,"column":61},"end":{"line":21,"column":1}}}},"branchMap":{"0":{"loc":{"start":{"line":2,"column":2},"end":{"line":20,"column":null}},"type":"if","locations":[{"start":{"line":2,"column":2},"end":{"line":20,"column":null}},{"start":{"line":6,"column":9},"end":{"line":20,"column":null}}]},"1":{"loc":{"start":{"line":6,"column":9},"end":{"line":20,"column":null}},"type":"if","locations":[{"start":{"line":6,"column":9},"end":{"line":20,"column":null}}]},"2":{"loc":{"start":{"line":7,"column":4},"end":{"line":19,"column":null}},"type":"if","locations":[{"start":{"line":7,"column":4},"end":{"line":19,"column":null}},{"start":{"line":17,"column":11},"end":{"line":19,"column":null}}]},"3":{"loc":{"start":{"line":9,"column":6},"end":{"line":16,"column":null}},"type":"if","locations":[{"start":{"line":9,"column":6},"end":{"line":16,"column":null}}]},"4":{"loc":{"start":{"line":11,"column":8},"end":{"line":15,"column":null}},"type":"if","locations":[{"start":{"line":11,"column":8},"end":{"line":15,"column":null}},{"start":{"line":13,"column":15},"end":{"line":15,"column":null}}]}},"s":{"0":0,"1":0,"2":0,"3":0,"4":0,"5":0,"6":0,"7":0,"8":0,"9":0,"10":0,"11":0,"12":0,"13":0,"14":1},"f":{"0":0},"b":{"0":[0,0],"1":[0],"2":[0,0],"3":[0],"4":[0,0]}}
}
