TN:
SF:src/comparator.ts
FN:16,(anonymous_0)
FN:47,(anonymous_1)
FN:48,(anonymous_2)
FN:54,(anonymous_3)
FN:73,(anonymous_4)
FN:94,(anonymous_5)
FN:97,(anonymous_6)
FN:118,(anonymous_7)
FN:136,(anonymous_8)
FN:172,(anonymous_9)
FN:251,(anonymous_10)
FN:264,(anonymous_11)
FN:280,(anonymous_12)
FN:316,(anonymous_13)
FN:335,compareRatings
FN:430,(anonymous_15)
FN:452,getComparator
FN:478,getType
FN:483,strictEq
FN:490,looseEq
FN:497,structureEq
FN:504,diff
FNF:22
FNH:19
FNDA:1,(anonymous_0)
FNDA:8,(anonymous_1)
FNDA:14,(anonymous_2)
FNDA:23,(anonymous_3)
FNDA:0,(anonymous_4)
FNDA:8,(anonymous_5)
FNDA:8,(anonymous_6)
FNDA:75,(anonymous_7)
FNDA:9,(anonymous_8)
FNDA:8,(anonymous_9)
FNDA:4,(anonymous_10)
FNDA:12,(anonymous_11)
FNDA:6,(anonymous_12)
FNDA:6,(anonymous_13)
FNDA:0,compareRatings
FNDA:0,(anonymous_15)
FNDA:329,getComparator
FNDA:658,getType
FNDA:46,strictEq
FNDA:212,looseEq
FNDA:34,structureEq
FNDA:37,diff
DA:16,1
DA:17,1
DA:18,1
DA:19,1
DA:20,1
DA:46,1
DA:47,8
DA:48,14
DA:55,23
DA:56,14
DA:60,9
DA:61,0
DA:66,9
DA:74,0
DA:75,0
DA:79,0
DA:80,0
DA:85,0
DA:95,8
DA:97,2
DA:98,8
DA:99,8
DA:100,8
DA:102,8
DA:103,8
DA:104,5
DA:105,20
DA:106,20
DA:109,3
DA:111,5
DA:115,6
DA:118,2
DA:119,75
DA:120,75
DA:122,75
DA:123,164
DA:124,164
DA:125,3
DA:128,72
DA:132,4
DA:136,2
DA:137,9
DA:138,9
DA:139,9
DA:143,9
DA:144,8
DA:145,8
DA:146,1
DA:147,1
DA:148,1
DA:151,7
DA:152,7
DA:153,7
DA:154,11
DA:155,11
DA:156,11
DA:158,4
DA:159,0
DA:161,5
DA:165,2
DA:172,2
DA:173,8
DA:174,0
DA:178,8
DA:183,8
DA:184,8
DA:185,8
DA:186,8
DA:187,4
DA:188,4
DA:189,4
DA:190,4
DA:191,4
DA:192,4
DA:193,4
DA:194,1
DA:197,4
DA:198,4
DA:199,4
DA:200,4
DA:201,4
DA:204,4
DA:205,8
DA:206,8
DA:207,8
DA:208,8
DA:209,8
DA:210,8
DA:211,8
DA:212,8
DA:216,8
DA:217,8
DA:218,8
DA:220,8
DA:221,1
DA:224,0
DA:225,0
DA:226,0
DA:233,4
DA:234,8
DA:235,8
DA:237,0
DA:238,0
DA:239,0
DA:246,8
DA:263,4
DA:264,2
DA:265,12
DA:266,0
DA:270,12
DA:271,10
DA:272,21
DA:274,7
DA:276,2
DA:279,2
DA:280,1
DA:281,6
DA:282,0
DA:289,6
DA:290,6
DA:292,6
DA:293,6
DA:294,12
DA:298,12
DA:299,20
DA:300,20
DA:301,20
DA:302,11
DA:303,11
DA:305,9
DA:308,12
DA:310,5
DA:312,0
DA:315,1
DA:316,1
DA:317,6
DA:318,0
DA:324,6
DA:325,1
DA:330,5
DA:336,0
DA:342,5
DA:343,5
DA:347,5
DA:348,11
DA:356,11
DA:357,11
DA:358,18
DA:359,18
DA:360,18
DA:364,9
DA:365,9
DA:366,9
DA:367,9
DA:368,1
DA:374,8
DA:375,8
DA:378,11
DA:380,11
DA:382,1
DA:383,1
DA:384,1
DA:385,1
DA:386,1
DA:387,1
DA:390,11
DA:391,10
DA:392,10
DA:393,8
DA:398,10
DA:399,10
DA:400,10
DA:401,1
DA:403,1
DA:404,1
DA:405,1
DA:411,5
DA:412,11
DA:413,11
DA:414,1
DA:416,1
DA:423,5
DA:430,0
DA:432,5
DA:447,1
DA:449,1
DA:452,1
DA:457,329
DA:458,329
DA:459,329
DA:460,33
DA:461,33
DA:463,329
DA:465,31
DA:467,4
DA:469,0
DA:471,4
DA:473,23
DA:475,298
DA:478,1
DA:480,658
DA:483,1
DA:484,46
DA:485,46
DA:486,46
DA:487,46
DA:490,1
DA:491,212
DA:492,212
DA:493,212
DA:494,212
DA:497,1
DA:498,34
DA:499,34
DA:500,34
DA:501,34
DA:504,1
DA:505,37
DA:506,37
DA:507,37
DA:508,37
LF:221
LH:200
BRDA:16,0,0,1
BRDA:16,0,1,1
BRDA:55,1,0,14
BRDA:60,2,0,0
BRDA:60,3,0,9
BRDA:60,3,1,9
BRDA:60,3,2,9
BRDA:74,4,0,0
BRDA:79,5,0,0
BRDA:95,6,0,2
BRDA:98,7,0,0
BRDA:103,8,0,5
BRDA:103,8,1,3
BRDA:106,9,0,0
BRDA:115,10,0,2
BRDA:119,11,0,0
BRDA:124,12,0,3
BRDA:132,13,0,2
BRDA:137,14,0,0
BRDA:143,15,0,1
BRDA:145,16,0,1
BRDA:145,16,1,7
BRDA:148,17,0,0
BRDA:156,18,0,3
BRDA:158,19,0,0
BRDA:165,20,0,2
BRDA:173,21,0,0
BRDA:186,22,0,4
BRDA:186,22,1,4
BRDA:192,23,0,1
BRDA:193,24,0,1
BRDA:193,25,0,4
BRDA:193,25,1,4
BRDA:209,26,0,8
BRDA:209,26,1,0
BRDA:211,27,0,8
BRDA:218,28,0,0
BRDA:220,29,0,1
BRDA:220,30,0,8
BRDA:220,30,1,8
BRDA:225,31,0,0
BRDA:235,32,0,0
BRDA:238,33,0,0
BRDA:263,34,0,2
BRDA:263,35,0,4
BRDA:263,35,1,3
BRDA:265,36,0,0
BRDA:270,37,0,10
BRDA:270,38,0,12
BRDA:270,38,1,12
BRDA:270,38,2,12
BRDA:272,39,0,3
BRDA:279,40,0,1
BRDA:281,41,0,0
BRDA:291,42,0,0
BRDA:291,42,1,6
BRDA:292,43,0,6
BRDA:292,44,0,6
BRDA:292,44,1,6
BRDA:292,44,2,6
BRDA:301,45,0,11
BRDA:301,45,1,9
BRDA:303,46,0,11
BRDA:308,47,0,1
BRDA:315,48,0,1
BRDA:317,49,0,0
BRDA:324,50,0,1
BRDA:336,51,0,0
BRDA:336,51,1,0
BRDA:336,52,0,0
BRDA:336,52,1,0
BRDA:344,53,0,0
BRDA:344,53,1,5
BRDA:360,54,0,9
BRDA:360,54,1,9
BRDA:361,55,0,18
BRDA:361,55,1,9
BRDA:366,56,0,9
BRDA:367,57,0,1
BRDA:367,57,1,8
BRDA:380,58,0,1
BRDA:380,59,0,11
BRDA:380,59,1,2
BRDA:390,60,0,10
BRDA:390,60,1,1
BRDA:392,61,0,8
BRDA:400,62,0,1
BRDA:400,63,0,10
BRDA:400,63,1,10
BRDA:400,63,2,1
BRDA:400,64,0,0
BRDA:400,64,1,10
BRDA:400,65,0,10
BRDA:400,65,1,10
BRDA:401,66,0,0
BRDA:401,66,1,1
BRDA:401,67,0,1
BRDA:401,67,1,1
BRDA:404,68,0,1
BRDA:413,69,0,1
BRDA:414,70,0,1
BRDA:423,71,0,0
BRDA:458,72,0,319
BRDA:458,72,1,10
BRDA:459,73,0,33
BRDA:461,74,0,28
BRDA:461,74,1,5
BRDA:463,75,0,31
BRDA:463,75,1,298
BRDA:465,76,0,4
BRDA:465,76,1,0
BRDA:465,76,2,4
BRDA:465,76,3,23
BRF:113
BRH:85
end_of_record
TN:
SF:src/fold.ts
FN:3,fold
FNF:1
FNH:1
FNDA:1,fold
DA:1,1
DA:3,1
DA:4,1
DA:5,1
DA:6,1
DA:7,11
DA:9,1
LF:7
LH:7
BRF:0
BRH:0
end_of_record
TN:
SF:src/get.ts
FN:6,get
FNF:1
FNH:0
FNDA:0,get
DA:6,1
DA:7,0
DA:8,0
DA:9,0
DA:10,0
DA:12,0
DA:14,0
DA:15,0
DA:16,0
DA:17,0
DA:18,0
DA:19,0
DA:20,0
DA:22,0
DA:25,0
DA:27,0
LF:16
LH:1
BRDA:7,0,0,0
BRDA:14,1,0,0
BRDA:15,2,0,0
BRDA:17,3,0,0
BRDA:19,4,0,0
BRF:5
BRH:0
end_of_record
TN:
SF:src/has.ts
FN:9,has
FNF:1
FNH:0
FNDA:0,has
DA:9,1
DA:13,0
DA:14,0
DA:15,0
DA:16,0
DA:18,0
DA:19,0
DA:20,0
DA:21,0
DA:22,0
DA:23,0
DA:24,0
DA:25,0
DA:27,0
DA:30,0
DA:32,0
LF:16
LH:1
BRDA:13,0,0,0
BRDA:13,0,1,0
BRDA:19,1,0,0
BRDA:19,1,1,0
BRDA:20,2,0,0
BRDA:20,2,1,0
BRDA:22,3,0,0
BRDA:24,4,0,0
BRF:8
BRH:0
end_of_record
TN:
SF:src/index.ts
FN:2,(anonymous_0)
FN:3,(anonymous_1)
FN:4,(anonymous_2)
FN:5,(anonymous_3)
FN:6,(anonymous_4)
FN:9,(anonymous_5)
FN:10,(anonymous_6)
FN:11,(anonymous_7)
FN:12,(anonymous_8)
FN:13,(anonymous_9)
FN:14,(anonymous_10)
FNF:11
FNH:6
FNDA:0,(anonymous_0)
FNDA:16,(anonymous_1)
FNDA:28,(anonymous_2)
FNDA:11,(anonymous_3)
FNDA:7,(anonymous_4)
FNDA:1,(anonymous_5)
FNDA:1,(anonymous_6)
FNDA:0,(anonymous_7)
FNDA:0,(anonymous_8)
FNDA:0,(anonymous_9)
FNDA:0,(anonymous_10)
DA:1,1
DA:2,1
DA:3,17
DA:4,29
DA:5,12
DA:6,8
DA:9,2
DA:10,2
DA:11,1
DA:12,1
DA:13,1
DA:14,1
LF:12
LH:12
BRF:0
BRH:0
end_of_record
TN:
SF:src/mapping.ts
FN:15,cmp
FN:19,(anonymous_1)
FN:22,(anonymous_2)
FN:28,(anonymous_3)
FN:33,(anonymous_4)
FN:39,(anonymous_5)
FN:59,(anonymous_6)
FN:64,(anonymous_7)
FN:71,(anonymous_8)
FN:74,(anonymous_9)
FN:80,(anonymous_10)
FN:85,(anonymous_11)
FN:88,(anonymous_12)
FN:94,(anonymous_13)
FN:99,(anonymous_14)
FN:104,(anonymous_15)
FN:109,(anonymous_16)
FN:116,(anonymous_17)
FN:122,(anonymous_18)
FN:142,(anonymous_19)
FN:145,(anonymous_20)
FN:149,(anonymous_21)
FN:167,(anonymous_22)
FN:209,(anonymous_23)
FN:212,(anonymous_24)
FN:218,(anonymous_25)
FN:232,(anonymous_26)
FN:246,(anonymous_27)
FN:276,(anonymous_28)
FN:281,(anonymous_29)
FN:286,(anonymous_30)
FN:289,(anonymous_31)
FN:295,(anonymous_32)
FN:298,(anonymous_33)
FN:304,(anonymous_34)
FN:307,(anonymous_35)
FN:316,(anonymous_36)
FN:319,(anonymous_37)
FN:326,(anonymous_38)
FN:331,(anonymous_39)
FN:336,(anonymous_40)
FN:339,(anonymous_41)
FN:346,(anonymous_42)
FN:350,(anonymous_43)
FN:356,(anonymous_44)
FN:359,(anonymous_45)
FN:371,(anonymous_46)
FN:381,(anonymous_47)
FN:394,(anonymous_48)
FN:451,(anonymous_49)
FN:454,(anonymous_50)
FNF:51
FNH:13
FNDA:1,cmp
FNDA:0,(anonymous_1)
FNDA:9,(anonymous_2)
FNDA:0,(anonymous_3)
FNDA:5,(anonymous_4)
FNDA:0,(anonymous_5)
FNDA:0,(anonymous_6)
FNDA:0,(anonymous_7)
FNDA:25,(anonymous_8)
FNDA:106,(anonymous_9)
FNDA:0,(anonymous_10)
FNDA:0,(anonymous_11)
FNDA:0,(anonymous_12)
FNDA:0,(anonymous_13)
FNDA:1,(anonymous_14)
FNDA:2,(anonymous_15)
FNDA:0,(anonymous_16)
FNDA:5,(anonymous_17)
FNDA:0,(anonymous_18)
FNDA:2,(anonymous_19)
FNDA:0,(anonymous_20)
FNDA:0,(anonymous_21)
FNDA:0,(anonymous_22)
FNDA:0,(anonymous_23)
FNDA:0,(anonymous_24)
FNDA:0,(anonymous_25)
FNDA:0,(anonymous_26)
FNDA:0,(anonymous_27)
FNDA:0,(anonymous_28)
FNDA:0,(anonymous_29)
FNDA:0,(anonymous_30)
FNDA:0,(anonymous_31)
FNDA:0,(anonymous_32)
FNDA:0,(anonymous_33)
FNDA:0,(anonymous_34)
FNDA:0,(anonymous_35)
FNDA:0,(anonymous_36)
FNDA:0,(anonymous_37)
FNDA:1,(anonymous_38)
FNDA:1,(anonymous_39)
FNDA:0,(anonymous_40)
FNDA:0,(anonymous_41)
FNDA:0,(anonymous_42)
FNDA:0,(anonymous_43)
FNDA:0,(anonymous_44)
FNDA:0,(anonymous_45)
FNDA:0,(anonymous_46)
FNDA:0,(anonymous_47)
FNDA:0,(anonymous_48)
FNDA:2,(anonymous_49)
FNDA:1,(anonymous_50)
DA:12,1
DA:15,1
DA:16,1
DA:20,0
DA:23,9
DA:29,0
DA:34,5
DA:35,5
DA:36,5
DA:37,2
DA:41,0
DA:42,0
DA:43,0
DA:44,0
DA:45,0
DA:46,0
DA:51,0
DA:60,0
DA:65,0
DA:72,25
DA:75,106
DA:81,0
DA:86,0
DA:89,0
DA:95,0
DA:100,1
DA:105,2
DA:110,0
DA:117,5
DA:118,5
DA:119,5
DA:120,2
DA:124,0
DA:125,0
DA:126,0
DA:127,0
DA:128,0
DA:129,0
DA:134,0
DA:143,2
DA:146,0
DA:150,0
DA:151,0
DA:156,0
DA:159,0
DA:160,0
DA:161,0
DA:162,0
DA:163,0
DA:164,0
DA:165,0
DA:167,0
DA:168,0
DA:169,0
DA:170,0
DA:171,0
DA:172,0
DA:173,0
DA:175,0
DA:179,0
DA:180,0
DA:186,0
DA:187,0
DA:200,0
DA:210,0
DA:213,0
DA:219,0
DA:221,0
DA:224,0
DA:226,0
DA:227,0
DA:228,0
DA:230,0
DA:233,0
DA:235,0
DA:238,0
DA:239,0
DA:240,0
DA:241,0
DA:243,0
DA:247,0
DA:248,0
DA:253,0
DA:256,0
DA:257,0
DA:258,0
DA:260,0
DA:261,0
DA:268,0
DA:277,0
DA:282,0
DA:287,0
DA:290,0
DA:296,0
DA:299,0
DA:305,0
DA:308,0
DA:317,0
DA:320,0
DA:327,1
DA:332,1
DA:337,0
DA:340,0
DA:347,0
DA:348,0
DA:351,0
DA:357,0
DA:360,0
DA:372,0
DA:382,0
DA:395,0
DA:452,2
DA:455,1
LF:113
LH:21
BRDA:34,0,0,5
BRDA:34,0,1,3
BRDA:35,1,0,5
BRDA:35,1,1,3
BRDA:36,2,0,3
BRDA:41,3,0,0
BRDA:41,3,1,0
BRDA:42,4,0,0
BRDA:42,4,1,0
BRDA:43,5,0,0
BRDA:43,5,1,0
BRDA:45,6,0,0
BRDA:117,7,0,5
BRDA:117,7,1,3
BRDA:118,8,0,5
BRDA:118,8,1,3
BRDA:119,9,0,3
BRDA:124,10,0,0
BRDA:124,10,1,0
BRDA:125,11,0,0
BRDA:125,11,1,0
BRDA:126,12,0,0
BRDA:126,12,1,0
BRDA:128,13,0,0
BRDA:150,14,0,0
BRDA:156,15,0,0
BRDA:156,15,1,0
BRDA:168,16,0,0
BRDA:168,16,1,0
BRDA:171,17,0,0
BRDA:171,17,1,0
BRDA:179,18,0,0
BRDA:179,19,0,0
BRDA:179,19,1,0
BRDA:179,19,2,0
BRDA:186,20,0,0
BRDA:186,21,0,0
BRDA:186,21,1,0
BRDA:186,21,2,0
BRDA:196,22,0,0
BRDA:196,22,1,0
BRDA:219,23,0,0
BRDA:221,24,0,0
BRDA:226,25,0,0
BRDA:226,25,1,0
BRDA:233,26,0,0
BRDA:235,27,0,0
BRDA:239,28,0,0
BRDA:239,28,1,0
BRDA:247,29,0,0
BRDA:253,30,0,0
BRDA:257,31,0,0
BRDA:257,31,1,0
BRDA:260,32,0,0
BRDA:347,33,0,0
BRF:55
BRH:10
end_of_record
TN:
SF:src/set.ts
FN:1,set
FNF:1
FNH:1
FNDA:38,set
DA:1,1
DA:2,38
DA:3,38
DA:4,38
DA:5,38
DA:6,38
DA:7,27
DA:8,5
DA:9,3
DA:11,27
DA:12,11
DA:14,0
LF:12
LH:11
BRDA:2,0,0,38
BRDA:4,1,0,38
BRDA:4,1,1,0
BRDA:6,2,0,27
BRDA:6,2,1,11
BRDA:7,3,0,5
BRDA:8,4,0,2
BRDA:8,4,1,3
BRF:8
BRH:7
end_of_record
TN:
SF:src/unfold.ts
FN:1,unfold
FNF:1
FNH:1
FNDA:17,unfold
DA:1,1
DA:6,17
DA:7,17
DA:11,17
DA:12,3
DA:13,8
DA:15,14
DA:16,3
DA:17,3
DA:18,8
DA:21,11
DA:23,17
LF:12
LH:12
BRDA:6,0,0,17
BRDA:6,0,1,1
BRDA:7,1,0,17
BRDA:7,1,1,1
BRDA:11,2,0,3
BRDA:11,2,1,14
BRDA:13,3,0,8
BRDA:13,3,1,0
BRDA:15,4,0,3
BRDA:15,4,1,11
BRDA:15,5,0,14
BRDA:15,5,1,14
BRDA:18,6,0,5
BRDA:18,6,1,3
BRF:14
BRH:13
end_of_record
TN:
SF:src/unset.ts
FN:1,unset
FNF:1
FNH:0
FNDA:0,unset
DA:1,1
DA:2,0
DA:3,0
DA:4,0
DA:6,0
DA:7,0
DA:8,0
DA:9,0
DA:10,0
DA:11,0
DA:12,0
DA:14,0
DA:18,0
LF:13
LH:1
BRDA:2,0,0,0
BRDA:2,0,1,0
BRDA:6,1,0,0
BRDA:7,2,0,0
BRDA:7,2,1,0
BRDA:9,3,0,0
BRDA:11,4,0,0
BRDA:11,4,1,0
BRF:8
BRH:0
end_of_record
